{"D:\\rss\\alpy86-RS2019Q3\\simple-piskel-clone\\src\\scripts\\assets.js": {"path":"D:\\rss\\alpy86-RS2019Q3\\simple-piskel-clone\\src\\scripts\\assets.js","statementMap":{},"fnMap":{},"branchMap":{},"s":{},"f":{},"b":{},"hash":"240e153b3def91f9358fe31a8968606c717b0080"}
,"D:\\rss\\alpy86-RS2019Q3\\simple-piskel-clone\\src\\scripts\\fullscreen.js": {"path":"D:\\rss\\alpy86-RS2019Q3\\simple-piskel-clone\\src\\scripts\\fullscreen.js","statementMap":{},"fnMap":{},"branchMap":{},"s":{},"f":{},"b":{},"hash":"262fda42c0ca567732c956af17e90e90f2e09c10"}
,"D:\\rss\\alpy86-RS2019Q3\\simple-piskel-clone\\src\\scripts\\helpers-anim.js": {"path":"D:\\rss\\alpy86-RS2019Q3\\simple-piskel-clone\\src\\scripts\\helpers-anim.js","statementMap":{"0":{"start":{"line":1,"column":12},"end":{"line":1,"column":13}},"1":{"start":{"line":2,"column":23},"end":{"line":2,"column":26}},"2":{"start":{"line":5,"column":18},"end":{"line":5,"column":73}},"3":{"start":{"line":6,"column":14},"end":{"line":6,"column":25}},"4":{"start":{"line":7,"column":2},"end":{"line":7,"column":58}},"5":{"start":{"line":8,"column":2},"end":{"line":8,"column":46}},"6":{"start":{"line":8,"column":36},"end":{"line":8,"column":46}},"7":{"start":{"line":9,"column":2},"end":{"line":9,"column":32}},"8":{"start":{"line":10,"column":2},"end":{"line":12,"column":4}},"9":{"start":{"line":11,"column":4},"end":{"line":11,"column":65}},"10":{"start":{"line":13,"column":2},"end":{"line":13,"column":13}}},"fnMap":{"0":{"name":"step","decl":{"start":{"line":4,"column":9},"end":{"line":4,"column":13}},"loc":{"start":{"line":4,"column":28},"end":{"line":14,"column":1}},"line":4},"1":{"name":"(anonymous_1)","decl":{"start":{"line":10,"column":15},"end":{"line":10,"column":16}},"loc":{"start":{"line":10,"column":21},"end":{"line":12,"column":3}},"line":10}},"branchMap":{"0":{"loc":{"start":{"line":8,"column":2},"end":{"line":8,"column":46}},"type":"if","locations":[{"start":{"line":8,"column":2},"end":{"line":8,"column":46}},{"start":{"line":8,"column":2},"end":{"line":8,"column":46}}],"line":8}},"s":{"0":0,"1":0,"2":0,"3":0,"4":0,"5":0,"6":0,"7":0,"8":0,"9":0,"10":0},"f":{"0":0,"1":0},"b":{"0":[0,0]},"hash":"ee51e945ada93f44b6e7cfe063984f09e9c5bbb2"}
,"D:\\rss\\alpy86-RS2019Q3\\simple-piskel-clone\\src\\scripts\\helpers-draw.js": {"path":"D:\\rss\\alpy86-RS2019Q3\\simple-piskel-clone\\src\\scripts\\helpers-draw.js","statementMap":{"0":{"start":{"line":5,"column":2},"end":{"line":7,"column":3}},"1":{"start":{"line":5,"column":15},"end":{"line":5,"column":16}},"2":{"start":{"line":6,"column":4},"end":{"line":6,"column":93}},"3":{"start":{"line":15,"column":13},"end":{"line":15,"column":20}},"4":{"start":{"line":16,"column":13},"end":{"line":16,"column":20}},"5":{"start":{"line":17,"column":14},"end":{"line":17,"column":26}},"6":{"start":{"line":18,"column":14},"end":{"line":18,"column":26}},"7":{"start":{"line":19,"column":11},"end":{"line":19,"column":24}},"8":{"start":{"line":20,"column":11},"end":{"line":20,"column":24}},"9":{"start":{"line":21,"column":2},"end":{"line":69,"column":3}},"10":{"start":{"line":22,"column":4},"end":{"line":30,"column":5}},"11":{"start":{"line":23,"column":6},"end":{"line":23,"column":13}},"12":{"start":{"line":24,"column":6},"end":{"line":24,"column":13}},"13":{"start":{"line":25,"column":6},"end":{"line":25,"column":14}},"14":{"start":{"line":27,"column":6},"end":{"line":27,"column":13}},"15":{"start":{"line":28,"column":6},"end":{"line":28,"column":13}},"16":{"start":{"line":29,"column":6},"end":{"line":29,"column":14}},"17":{"start":{"line":31,"column":4},"end":{"line":31,"column":24}},"18":{"start":{"line":32,"column":4},"end":{"line":45,"column":5}},"19":{"start":{"line":32,"column":17},"end":{"line":32,"column":18}},"20":{"start":{"line":33,"column":6},"end":{"line":33,"column":13}},"21":{"start":{"line":34,"column":6},"end":{"line":43,"column":7}},"22":{"start":{"line":35,"column":8},"end":{"line":35,"column":22}},"23":{"start":{"line":37,"column":8},"end":{"line":41,"column":9}},"24":{"start":{"line":38,"column":10},"end":{"line":38,"column":17}},"25":{"start":{"line":40,"column":10},"end":{"line":40,"column":17}},"26":{"start":{"line":42,"column":8},"end":{"line":42,"column":30}},"27":{"start":{"line":44,"column":6},"end":{"line":44,"column":26}},"28":{"start":{"line":47,"column":4},"end":{"line":53,"column":5}},"29":{"start":{"line":48,"column":6},"end":{"line":48,"column":13}},"30":{"start":{"line":49,"column":6},"end":{"line":49,"column":13}},"31":{"start":{"line":50,"column":6},"end":{"line":50,"column":14}},"32":{"start":{"line":52,"column":6},"end":{"line":52,"column":13}},"33":{"start":{"line":52,"column":14},"end":{"line":52,"column":21}},"34":{"start":{"line":52,"column":22},"end":{"line":52,"column":30}},"35":{"start":{"line":54,"column":4},"end":{"line":54,"column":24}},"36":{"start":{"line":55,"column":4},"end":{"line":68,"column":5}},"37":{"start":{"line":55,"column":17},"end":{"line":55,"column":18}},"38":{"start":{"line":56,"column":6},"end":{"line":56,"column":13}},"39":{"start":{"line":57,"column":6},"end":{"line":66,"column":7}},"40":{"start":{"line":58,"column":8},"end":{"line":58,"column":22}},"41":{"start":{"line":60,"column":8},"end":{"line":64,"column":9}},"42":{"start":{"line":61,"column":10},"end":{"line":61,"column":17}},"43":{"start":{"line":63,"column":10},"end":{"line":63,"column":17}},"44":{"start":{"line":65,"column":8},"end":{"line":65,"column":30}},"45":{"start":{"line":67,"column":6},"end":{"line":67,"column":26}},"46":{"start":{"line":73,"column":2},"end":{"line":73,"column":73}}},"fnMap":{"0":{"name":"getCoordBrezenheim","decl":{"start":{"line":4,"column":9},"end":{"line":4,"column":27}},"loc":{"start":{"line":4,"column":40},"end":{"line":8,"column":1}},"line":4},"1":{"name":"drawLine","decl":{"start":{"line":10,"column":9},"end":{"line":10,"column":17}},"loc":{"start":{"line":10,"column":34},"end":{"line":70,"column":1}},"line":10},"2":{"name":"getTileWidth","decl":{"start":{"line":72,"column":9},"end":{"line":72,"column":21}},"loc":{"start":{"line":72,"column":24},"end":{"line":74,"column":1}},"line":72}},"branchMap":{"0":{"loc":{"start":{"line":21,"column":2},"end":{"line":69,"column":3}},"type":"if","locations":[{"start":{"line":21,"column":2},"end":{"line":69,"column":3}},{"start":{"line":21,"column":2},"end":{"line":69,"column":3}}],"line":21},"1":{"loc":{"start":{"line":22,"column":4},"end":{"line":30,"column":5}},"type":"if","locations":[{"start":{"line":22,"column":4},"end":{"line":30,"column":5}},{"start":{"line":22,"column":4},"end":{"line":30,"column":5}}],"line":22},"2":{"loc":{"start":{"line":34,"column":6},"end":{"line":43,"column":7}},"type":"if","locations":[{"start":{"line":34,"column":6},"end":{"line":43,"column":7}},{"start":{"line":34,"column":6},"end":{"line":43,"column":7}}],"line":34},"3":{"loc":{"start":{"line":37,"column":8},"end":{"line":41,"column":9}},"type":"if","locations":[{"start":{"line":37,"column":8},"end":{"line":41,"column":9}},{"start":{"line":37,"column":8},"end":{"line":41,"column":9}}],"line":37},"4":{"loc":{"start":{"line":37,"column":12},"end":{"line":37,"column":52}},"type":"binary-expr","locations":[{"start":{"line":37,"column":13},"end":{"line":37,"column":19}},{"start":{"line":37,"column":23},"end":{"line":37,"column":29}},{"start":{"line":37,"column":35},"end":{"line":37,"column":41}},{"start":{"line":37,"column":45},"end":{"line":37,"column":51}}],"line":37},"5":{"loc":{"start":{"line":47,"column":4},"end":{"line":53,"column":5}},"type":"if","locations":[{"start":{"line":47,"column":4},"end":{"line":53,"column":5}},{"start":{"line":47,"column":4},"end":{"line":53,"column":5}}],"line":47},"6":{"loc":{"start":{"line":57,"column":6},"end":{"line":66,"column":7}},"type":"if","locations":[{"start":{"line":57,"column":6},"end":{"line":66,"column":7}},{"start":{"line":57,"column":6},"end":{"line":66,"column":7}}],"line":57},"7":{"loc":{"start":{"line":60,"column":8},"end":{"line":64,"column":9}},"type":"if","locations":[{"start":{"line":60,"column":8},"end":{"line":64,"column":9}},{"start":{"line":60,"column":8},"end":{"line":64,"column":9}}],"line":60},"8":{"loc":{"start":{"line":60,"column":12},"end":{"line":60,"column":52}},"type":"binary-expr","locations":[{"start":{"line":60,"column":13},"end":{"line":60,"column":19}},{"start":{"line":60,"column":23},"end":{"line":60,"column":29}},{"start":{"line":60,"column":35},"end":{"line":60,"column":41}},{"start":{"line":60,"column":45},"end":{"line":60,"column":51}}],"line":60}},"s":{"0":0,"1":0,"2":0,"3":0,"4":0,"5":0,"6":0,"7":0,"8":0,"9":0,"10":0,"11":0,"12":0,"13":0,"14":0,"15":0,"16":0,"17":0,"18":0,"19":0,"20":0,"21":0,"22":0,"23":0,"24":0,"25":0,"26":0,"27":0,"28":0,"29":0,"30":0,"31":0,"32":0,"33":0,"34":0,"35":0,"36":0,"37":0,"38":0,"39":0,"40":0,"41":0,"42":0,"43":0,"44":0,"45":0,"46":0},"f":{"0":0,"1":0,"2":0},"b":{"0":[0,0],"1":[0,0],"2":[0,0],"3":[0,0],"4":[0,0,0,0],"5":[0,0],"6":[0,0],"7":[0,0],"8":[0,0,0,0]},"hash":"6f8fd0f00b5fa66567c5992d528f82b31c7a5b41"}
,"D:\\rss\\alpy86-RS2019Q3\\simple-piskel-clone\\src\\scripts\\helpers.js": {"path":"D:\\rss\\alpy86-RS2019Q3\\simple-piskel-clone\\src\\scripts\\helpers.js","statementMap":{"0":{"start":{"line":2,"column":10},"end":{"line":2,"column":56}},"1":{"start":{"line":3,"column":10},"end":{"line":3,"column":56}},"2":{"start":{"line":4,"column":10},"end":{"line":4,"column":56}},"3":{"start":{"line":5,"column":2},"end":{"line":7,"column":3}},"4":{"start":{"line":6,"column":4},"end":{"line":6,"column":16}},"5":{"start":{"line":8,"column":2},"end":{"line":10,"column":3}},"6":{"start":{"line":9,"column":4},"end":{"line":9,"column":16}},"7":{"start":{"line":11,"column":2},"end":{"line":13,"column":3}},"8":{"start":{"line":12,"column":4},"end":{"line":12,"column":16}},"9":{"start":{"line":14,"column":2},"end":{"line":14,"column":25}},"10":{"start":{"line":18,"column":10},"end":{"line":18,"column":29}},"11":{"start":{"line":19,"column":10},"end":{"line":19,"column":29}},"12":{"start":{"line":20,"column":10},"end":{"line":20,"column":29}},"13":{"start":{"line":21,"column":2},"end":{"line":23,"column":3}},"14":{"start":{"line":22,"column":4},"end":{"line":22,"column":16}},"15":{"start":{"line":24,"column":2},"end":{"line":26,"column":3}},"16":{"start":{"line":25,"column":4},"end":{"line":25,"column":16}},"17":{"start":{"line":27,"column":2},"end":{"line":29,"column":3}},"18":{"start":{"line":28,"column":4},"end":{"line":28,"column":16}},"19":{"start":{"line":30,"column":2},"end":{"line":30,"column":25}},"20":{"start":{"line":34,"column":19},"end":{"line":34,"column":21}},"21":{"start":{"line":35,"column":2},"end":{"line":41,"column":3}},"22":{"start":{"line":36,"column":22},"end":{"line":36,"column":38}},"23":{"start":{"line":37,"column":4},"end":{"line":37,"column":59}},"24":{"start":{"line":38,"column":4},"end":{"line":38,"column":59}},"25":{"start":{"line":39,"column":4},"end":{"line":39,"column":56}},"26":{"start":{"line":40,"column":4},"end":{"line":40,"column":23}},"27":{"start":{"line":42,"column":2},"end":{"line":42,"column":18}},"28":{"start":{"line":46,"column":2},"end":{"line":46,"column":74}}},"fnMap":{"0":{"name":"rgbToHex","decl":{"start":{"line":1,"column":9},"end":{"line":1,"column":17}},"loc":{"start":{"line":1,"column":23},"end":{"line":15,"column":1}},"line":1},"1":{"name":"convertToHex","decl":{"start":{"line":17,"column":9},"end":{"line":17,"column":21}},"loc":{"start":{"line":17,"column":27},"end":{"line":31,"column":1}},"line":17},"2":{"name":"hexToRgb","decl":{"start":{"line":33,"column":9},"end":{"line":33,"column":17}},"loc":{"start":{"line":33,"column":23},"end":{"line":43,"column":1}},"line":33},"3":{"name":"colorsMatch","decl":{"start":{"line":45,"column":9},"end":{"line":45,"column":20}},"loc":{"start":{"line":45,"column":27},"end":{"line":47,"column":1}},"line":45}},"branchMap":{"0":{"loc":{"start":{"line":5,"column":2},"end":{"line":7,"column":3}},"type":"if","locations":[{"start":{"line":5,"column":2},"end":{"line":7,"column":3}},{"start":{"line":5,"column":2},"end":{"line":7,"column":3}}],"line":5},"1":{"loc":{"start":{"line":8,"column":2},"end":{"line":10,"column":3}},"type":"if","locations":[{"start":{"line":8,"column":2},"end":{"line":10,"column":3}},{"start":{"line":8,"column":2},"end":{"line":10,"column":3}}],"line":8},"2":{"loc":{"start":{"line":11,"column":2},"end":{"line":13,"column":3}},"type":"if","locations":[{"start":{"line":11,"column":2},"end":{"line":13,"column":3}},{"start":{"line":11,"column":2},"end":{"line":13,"column":3}}],"line":11},"3":{"loc":{"start":{"line":21,"column":2},"end":{"line":23,"column":3}},"type":"if","locations":[{"start":{"line":21,"column":2},"end":{"line":23,"column":3}},{"start":{"line":21,"column":2},"end":{"line":23,"column":3}}],"line":21},"4":{"loc":{"start":{"line":24,"column":2},"end":{"line":26,"column":3}},"type":"if","locations":[{"start":{"line":24,"column":2},"end":{"line":26,"column":3}},{"start":{"line":24,"column":2},"end":{"line":26,"column":3}}],"line":24},"5":{"loc":{"start":{"line":27,"column":2},"end":{"line":29,"column":3}},"type":"if","locations":[{"start":{"line":27,"column":2},"end":{"line":29,"column":3}},{"start":{"line":27,"column":2},"end":{"line":29,"column":3}}],"line":27},"6":{"loc":{"start":{"line":35,"column":2},"end":{"line":41,"column":3}},"type":"if","locations":[{"start":{"line":35,"column":2},"end":{"line":41,"column":3}},{"start":{"line":35,"column":2},"end":{"line":41,"column":3}}],"line":35},"7":{"loc":{"start":{"line":46,"column":9},"end":{"line":46,"column":73}},"type":"binary-expr","locations":[{"start":{"line":46,"column":9},"end":{"line":46,"column":22}},{"start":{"line":46,"column":26},"end":{"line":46,"column":39}},{"start":{"line":46,"column":43},"end":{"line":46,"column":56}},{"start":{"line":46,"column":60},"end":{"line":46,"column":73}}],"line":46}},"s":{"0":0,"1":0,"2":0,"3":0,"4":0,"5":0,"6":0,"7":0,"8":0,"9":0,"10":0,"11":0,"12":0,"13":0,"14":0,"15":0,"16":0,"17":0,"18":0,"19":0,"20":0,"21":0,"22":0,"23":0,"24":0,"25":0,"26":0,"27":0,"28":0},"f":{"0":0,"1":0,"2":0,"3":0},"b":{"0":[0,0],"1":[0,0],"2":[0,0],"3":[0,0],"4":[0,0],"5":[0,0],"6":[0,0],"7":[0,0,0,0]},"hash":"fce8e098d1796bcac2b6d4bd849d1b8e9528d6e7"}
,"D:\\rss\\alpy86-RS2019Q3\\simple-piskel-clone\\src\\scripts\\script.js": {"path":"D:\\rss\\alpy86-RS2019Q3\\simple-piskel-clone\\src\\scripts\\script.js","statementMap":{"0":{"start":{"line":8,"column":15},"end":{"line":8,"column":48}},"1":{"start":{"line":9,"column":12},"end":{"line":9,"column":35}},"2":{"start":{"line":10,"column":24},"end":{"line":10,"column":29}},"3":{"start":{"line":11,"column":23},"end":{"line":11,"column":26}},"4":{"start":{"line":12,"column":25},"end":{"line":12,"column":39}},"5":{"start":{"line":13,"column":23},"end":{"line":13,"column":25}},"6":{"start":{"line":14,"column":27},"end":{"line":14,"column":43}},"7":{"start":{"line":15,"column":23},"end":{"line":15,"column":35}},"8":{"start":{"line":16,"column":24},"end":{"line":16,"column":37}},"9":{"start":{"line":17,"column":18},"end":{"line":17,"column":32}},"10":{"start":{"line":18,"column":25},"end":{"line":18,"column":45}},"11":{"start":{"line":19,"column":14},"end":{"line":19,"column":21}},"12":{"start":{"line":21,"column":24},"end":{"line":21,"column":27}},"13":{"start":{"line":23,"column":26},"end":{"line":23,"column":72}},"14":{"start":{"line":27,"column":11},"end":{"line":27,"column":16}},"15":{"start":{"line":28,"column":17},"end":{"line":28,"column":19}},"16":{"start":{"line":33,"column":18},"end":{"line":33,"column":55}},"17":{"start":{"line":34,"column":19},"end":{"line":34,"column":57}},"18":{"start":{"line":35,"column":23},"end":{"line":35,"column":29}},"19":{"start":{"line":37,"column":18},"end":{"line":37,"column":53}},"20":{"start":{"line":38,"column":18},"end":{"line":38,"column":55}},"21":{"start":{"line":41,"column":0},"end":{"line":44,"column":1}},"22":{"start":{"line":42,"column":2},"end":{"line":42,"column":59}},"23":{"start":{"line":43,"column":2},"end":{"line":43,"column":35}},"24":{"start":{"line":46,"column":22},"end":{"line":46,"column":63}},"25":{"start":{"line":47,"column":0},"end":{"line":47,"column":40}},"26":{"start":{"line":49,"column":0},"end":{"line":76,"column":3}},"27":{"start":{"line":50,"column":33},"end":{"line":50,"column":51}},"28":{"start":{"line":51,"column":2},"end":{"line":51,"column":42}},"29":{"start":{"line":52,"column":2},"end":{"line":52,"column":35}},"30":{"start":{"line":53,"column":2},"end":{"line":53,"column":74}},"31":{"start":{"line":54,"column":14},"end":{"line":54,"column":25}},"32":{"start":{"line":55,"column":2},"end":{"line":55,"column":32}},"33":{"start":{"line":56,"column":2},"end":{"line":56,"column":35}},"34":{"start":{"line":57,"column":2},"end":{"line":75,"column":4}},"35":{"start":{"line":58,"column":17},"end":{"line":58,"column":18}},"36":{"start":{"line":59,"column":17},"end":{"line":59,"column":18}},"37":{"start":{"line":60,"column":27},"end":{"line":60,"column":28}},"38":{"start":{"line":61,"column":28},"end":{"line":61,"column":29}},"39":{"start":{"line":62,"column":4},"end":{"line":66,"column":5}},"40":{"start":{"line":63,"column":6},"end":{"line":63,"column":82}},"41":{"start":{"line":64,"column":6},"end":{"line":64,"column":55}},"42":{"start":{"line":65,"column":6},"end":{"line":65,"column":38}},"43":{"start":{"line":67,"column":4},"end":{"line":71,"column":5}},"44":{"start":{"line":68,"column":6},"end":{"line":68,"column":82}},"45":{"start":{"line":69,"column":6},"end":{"line":69,"column":53}},"46":{"start":{"line":70,"column":6},"end":{"line":70,"column":40}},"47":{"start":{"line":72,"column":4},"end":{"line":72,"column":38}},"48":{"start":{"line":73,"column":4},"end":{"line":73,"column":76}},"49":{"start":{"line":74,"column":4},"end":{"line":74,"column":25}},"50":{"start":{"line":79,"column":2},"end":{"line":79,"column":22}},"51":{"start":{"line":80,"column":2},"end":{"line":80,"column":23}},"52":{"start":{"line":83,"column":0},"end":{"line":85,"column":1}},"53":{"start":{"line":84,"column":2},"end":{"line":84,"column":50}},"54":{"start":{"line":87,"column":19},"end":{"line":87,"column":61}},"55":{"start":{"line":88,"column":0},"end":{"line":88,"column":27}},"56":{"start":{"line":90,"column":0},"end":{"line":92,"column":3}},"57":{"start":{"line":91,"column":2},"end":{"line":91,"column":29}},"58":{"start":{"line":95,"column":20},"end":{"line":95,"column":66}},"59":{"start":{"line":96,"column":18},"end":{"line":96,"column":55}},"60":{"start":{"line":97,"column":21},"end":{"line":97,"column":30}},"61":{"start":{"line":98,"column":0},"end":{"line":98,"column":47}},"62":{"start":{"line":99,"column":0},"end":{"line":99,"column":49}},"63":{"start":{"line":100,"column":0},"end":{"line":100,"column":35}},"64":{"start":{"line":102,"column":0},"end":{"line":105,"column":1}},"65":{"start":{"line":103,"column":2},"end":{"line":103,"column":54}},"66":{"start":{"line":104,"column":2},"end":{"line":104,"column":70}},"67":{"start":{"line":107,"column":0},"end":{"line":138,"column":1}},"68":{"start":{"line":108,"column":2},"end":{"line":108,"column":74}},"69":{"start":{"line":109,"column":2},"end":{"line":117,"column":3}},"70":{"start":{"line":109,"column":15},"end":{"line":109,"column":16}},"71":{"start":{"line":110,"column":4},"end":{"line":110,"column":19}},"72":{"start":{"line":111,"column":4},"end":{"line":116,"column":5}},"73":{"start":{"line":112,"column":23},"end":{"line":112,"column":74}},"74":{"start":{"line":113,"column":18},"end":{"line":113,"column":29}},"75":{"start":{"line":114,"column":6},"end":{"line":114,"column":36}},"76":{"start":{"line":115,"column":6},"end":{"line":115,"column":89}},"77":{"start":{"line":115,"column":25},"end":{"line":115,"column":88}},"78":{"start":{"line":118,"column":2},"end":{"line":122,"column":3}},"79":{"start":{"line":119,"column":4},"end":{"line":119,"column":83}},"80":{"start":{"line":121,"column":4},"end":{"line":121,"column":52}},"81":{"start":{"line":123,"column":2},"end":{"line":123,"column":49}},"82":{"start":{"line":124,"column":25},"end":{"line":124,"column":26}},"83":{"start":{"line":125,"column":2},"end":{"line":127,"column":3}},"84":{"start":{"line":126,"column":4},"end":{"line":126,"column":62}},"85":{"start":{"line":128,"column":18},"end":{"line":128,"column":52}},"86":{"start":{"line":129,"column":14},"end":{"line":129,"column":25}},"87":{"start":{"line":130,"column":2},"end":{"line":130,"column":20}},"88":{"start":{"line":131,"column":2},"end":{"line":131,"column":46}},"89":{"start":{"line":131,"column":21},"end":{"line":131,"column":45}},"90":{"start":{"line":133,"column":2},"end":{"line":133,"column":17}},"91":{"start":{"line":134,"column":2},"end":{"line":134,"column":50}},"92":{"start":{"line":135,"column":2},"end":{"line":135,"column":49}},"93":{"start":{"line":136,"column":2},"end":{"line":136,"column":35}},"94":{"start":{"line":137,"column":2},"end":{"line":137,"column":53}},"95":{"start":{"line":141,"column":0},"end":{"line":162,"column":3}},"96":{"start":{"line":142,"column":20},"end":{"line":142,"column":36}},"97":{"start":{"line":143,"column":2},"end":{"line":154,"column":3}},"98":{"start":{"line":144,"column":4},"end":{"line":146,"column":5}},"99":{"start":{"line":145,"column":6},"end":{"line":145,"column":40}},"100":{"start":{"line":147,"column":4},"end":{"line":149,"column":5}},"101":{"start":{"line":148,"column":6},"end":{"line":148,"column":39}},"102":{"start":{"line":150,"column":4},"end":{"line":150,"column":16}},"103":{"start":{"line":151,"column":4},"end":{"line":151,"column":20}},"104":{"start":{"line":152,"column":4},"end":{"line":152,"column":43}},"105":{"start":{"line":153,"column":4},"end":{"line":153,"column":77}},"106":{"start":{"line":155,"column":2},"end":{"line":161,"column":3}},"107":{"start":{"line":156,"column":4},"end":{"line":156,"column":16}},"108":{"start":{"line":157,"column":4},"end":{"line":157,"column":20}},"109":{"start":{"line":158,"column":4},"end":{"line":158,"column":35}},"110":{"start":{"line":159,"column":4},"end":{"line":159,"column":40}},"111":{"start":{"line":160,"column":4},"end":{"line":160,"column":43}},"112":{"start":{"line":164,"column":0},"end":{"line":173,"column":3}},"113":{"start":{"line":165,"column":20},"end":{"line":165,"column":36}},"114":{"start":{"line":166,"column":2},"end":{"line":169,"column":3}},"115":{"start":{"line":167,"column":4},"end":{"line":167,"column":44}},"116":{"start":{"line":168,"column":4},"end":{"line":168,"column":35}},"117":{"start":{"line":175,"column":0},"end":{"line":189,"column":3}},"118":{"start":{"line":176,"column":20},"end":{"line":176,"column":36}},"119":{"start":{"line":177,"column":2},"end":{"line":181,"column":3}},"120":{"start":{"line":178,"column":4},"end":{"line":178,"column":20}},"121":{"start":{"line":179,"column":4},"end":{"line":179,"column":20}},"122":{"start":{"line":180,"column":4},"end":{"line":180,"column":17}},"123":{"start":{"line":182,"column":2},"end":{"line":187,"column":3}},"124":{"start":{"line":183,"column":4},"end":{"line":183,"column":43}},"125":{"start":{"line":184,"column":4},"end":{"line":184,"column":17}},"126":{"start":{"line":185,"column":4},"end":{"line":185,"column":20}},"127":{"start":{"line":186,"column":4},"end":{"line":186,"column":17}},"128":{"start":{"line":188,"column":2},"end":{"line":188,"column":23}},"129":{"start":{"line":192,"column":16},"end":{"line":195,"column":3}},"130":{"start":{"line":196,"column":25},"end":{"line":196,"column":39}},"131":{"start":{"line":197,"column":15},"end":{"line":197,"column":45}},"132":{"start":{"line":198,"column":13},"end":{"line":198,"column":74}},"133":{"start":{"line":199,"column":13},"end":{"line":199,"column":73}},"134":{"start":{"line":200,"column":17},"end":{"line":200,"column":50}},"135":{"start":{"line":201,"column":17},"end":{"line":201,"column":50}},"136":{"start":{"line":202,"column":2},"end":{"line":202,"column":38}},"137":{"start":{"line":203,"column":2},"end":{"line":203,"column":38}},"138":{"start":{"line":204,"column":2},"end":{"line":204,"column":31}},"139":{"start":{"line":205,"column":2},"end":{"line":205,"column":69}},"140":{"start":{"line":210,"column":15},"end":{"line":210,"column":45}},"141":{"start":{"line":211,"column":13},"end":{"line":211,"column":79}},"142":{"start":{"line":212,"column":17},"end":{"line":212,"column":48}},"143":{"start":{"line":213,"column":2},"end":{"line":213,"column":33}},"144":{"start":{"line":217,"column":15},"end":{"line":217,"column":45}},"145":{"start":{"line":218,"column":13},"end":{"line":218,"column":78}},"146":{"start":{"line":219,"column":17},"end":{"line":219,"column":48}},"147":{"start":{"line":220,"column":2},"end":{"line":220,"column":33}},"148":{"start":{"line":225,"column":0},"end":{"line":245,"column":3}},"149":{"start":{"line":226,"column":20},"end":{"line":226,"column":36}},"150":{"start":{"line":227,"column":2},"end":{"line":243,"column":3}},"151":{"start":{"line":228,"column":17},"end":{"line":228,"column":47}},"152":{"start":{"line":229,"column":15},"end":{"line":229,"column":89}},"153":{"start":{"line":230,"column":15},"end":{"line":230,"column":88}},"154":{"start":{"line":231,"column":22},"end":{"line":231,"column":49}},"155":{"start":{"line":232,"column":30},"end":{"line":232,"column":60}},"156":{"start":{"line":233,"column":15},"end":{"line":233,"column":16}},"157":{"start":{"line":234,"column":4},"end":{"line":241,"column":5}},"158":{"start":{"line":234,"column":17},"end":{"line":234,"column":18}},"159":{"start":{"line":235,"column":6},"end":{"line":240,"column":7}},"160":{"start":{"line":236,"column":8},"end":{"line":236,"column":18}},"161":{"start":{"line":237,"column":8},"end":{"line":239,"column":9}},"162":{"start":{"line":238,"column":10},"end":{"line":238,"column":17}},"163":{"start":{"line":242,"column":4},"end":{"line":242,"column":33}},"164":{"start":{"line":244,"column":2},"end":{"line":244,"column":23}},"165":{"start":{"line":247,"column":0},"end":{"line":258,"column":3}},"166":{"start":{"line":248,"column":20},"end":{"line":248,"column":36}},"167":{"start":{"line":249,"column":2},"end":{"line":256,"column":3}},"168":{"start":{"line":250,"column":17},"end":{"line":250,"column":47}},"169":{"start":{"line":251,"column":15},"end":{"line":251,"column":77}},"170":{"start":{"line":252,"column":15},"end":{"line":252,"column":76}},"171":{"start":{"line":253,"column":20},"end":{"line":253,"column":50}},"172":{"start":{"line":254,"column":4},"end":{"line":254,"column":51}},"173":{"start":{"line":255,"column":4},"end":{"line":255,"column":18}},"174":{"start":{"line":257,"column":2},"end":{"line":257,"column":23}},"175":{"start":{"line":260,"column":0},"end":{"line":260,"column":79}},"176":{"start":{"line":263,"column":2},"end":{"line":263,"column":54}},"177":{"start":{"line":264,"column":2},"end":{"line":264,"column":35}},"178":{"start":{"line":265,"column":2},"end":{"line":265,"column":53}},"179":{"start":{"line":266,"column":2},"end":{"line":266,"column":23}},"180":{"start":{"line":267,"column":2},"end":{"line":267,"column":23}},"181":{"start":{"line":270,"column":0},"end":{"line":275,"column":3}},"182":{"start":{"line":271,"column":2},"end":{"line":271,"column":54}},"183":{"start":{"line":272,"column":2},"end":{"line":272,"column":36}},"184":{"start":{"line":273,"column":2},"end":{"line":273,"column":53}},"185":{"start":{"line":274,"column":2},"end":{"line":274,"column":23}},"186":{"start":{"line":278,"column":2},"end":{"line":278,"column":70}},"187":{"start":{"line":279,"column":2},"end":{"line":279,"column":56}},"188":{"start":{"line":284,"column":0},"end":{"line":287,"column":3}},"189":{"start":{"line":285,"column":2},"end":{"line":285,"column":64}},"190":{"start":{"line":286,"column":2},"end":{"line":286,"column":70}},"191":{"start":{"line":289,"column":17},"end":{"line":289,"column":53}},"192":{"start":{"line":290,"column":0},"end":{"line":293,"column":3}},"193":{"start":{"line":291,"column":2},"end":{"line":291,"column":32}},"194":{"start":{"line":292,"column":2},"end":{"line":292,"column":16}},"195":{"start":{"line":295,"column":18},"end":{"line":295,"column":55}},"196":{"start":{"line":296,"column":0},"end":{"line":299,"column":3}},"197":{"start":{"line":297,"column":2},"end":{"line":297,"column":32}},"198":{"start":{"line":298,"column":2},"end":{"line":298,"column":16}},"199":{"start":{"line":304,"column":20},"end":{"line":304,"column":79}},"200":{"start":{"line":305,"column":22},"end":{"line":305,"column":47}},"201":{"start":{"line":306,"column":2},"end":{"line":321,"column":3}},"202":{"start":{"line":307,"column":26},"end":{"line":307,"column":32}},"203":{"start":{"line":308,"column":4},"end":{"line":319,"column":5}},"204":{"start":{"line":309,"column":21},"end":{"line":309,"column":40}},"205":{"start":{"line":310,"column":21},"end":{"line":310,"column":40}},"206":{"start":{"line":311,"column":27},"end":{"line":311,"column":62}},"207":{"start":{"line":312,"column":6},"end":{"line":318,"column":7}},"208":{"start":{"line":313,"column":8},"end":{"line":313,"column":55}},"209":{"start":{"line":314,"column":8},"end":{"line":314,"column":47}},"210":{"start":{"line":315,"column":8},"end":{"line":315,"column":47}},"211":{"start":{"line":316,"column":8},"end":{"line":316,"column":47}},"212":{"start":{"line":317,"column":8},"end":{"line":317,"column":47}},"213":{"start":{"line":320,"column":4},"end":{"line":320,"column":38}},"214":{"start":{"line":325,"column":2},"end":{"line":327,"column":3}},"215":{"start":{"line":326,"column":4},"end":{"line":326,"column":28}},"216":{"start":{"line":328,"column":17},"end":{"line":328,"column":46}},"217":{"start":{"line":329,"column":2},"end":{"line":329,"column":50}},"218":{"start":{"line":335,"column":17},"end":{"line":335,"column":46}},"219":{"start":{"line":336,"column":21},"end":{"line":336,"column":30}},"220":{"start":{"line":337,"column":2},"end":{"line":337,"column":41}},"221":{"start":{"line":338,"column":2},"end":{"line":338,"column":41}},"222":{"start":{"line":339,"column":2},"end":{"line":339,"column":41}},"223":{"start":{"line":340,"column":2},"end":{"line":340,"column":41}},"224":{"start":{"line":343,"column":0},"end":{"line":345,"column":3}},"225":{"start":{"line":344,"column":2},"end":{"line":344,"column":54}},"226":{"start":{"line":347,"column":0},"end":{"line":349,"column":3}},"227":{"start":{"line":348,"column":2},"end":{"line":348,"column":51}},"228":{"start":{"line":351,"column":0},"end":{"line":385,"column":3}},"229":{"start":{"line":352,"column":18},"end":{"line":352,"column":91}},"230":{"start":{"line":353,"column":20},"end":{"line":353,"column":86}},"231":{"start":{"line":354,"column":14},"end":{"line":354,"column":33}},"232":{"start":{"line":356,"column":2},"end":{"line":361,"column":3}},"233":{"start":{"line":357,"column":21},"end":{"line":357,"column":37}},"234":{"start":{"line":358,"column":4},"end":{"line":358,"column":33}},"235":{"start":{"line":360,"column":4},"end":{"line":360,"column":23}},"236":{"start":{"line":362,"column":2},"end":{"line":362,"column":16}},"237":{"start":{"line":363,"column":14},"end":{"line":363,"column":25}},"238":{"start":{"line":364,"column":2},"end":{"line":364,"column":32}},"239":{"start":{"line":365,"column":2},"end":{"line":365,"column":28}},"240":{"start":{"line":366,"column":2},"end":{"line":384,"column":4}},"241":{"start":{"line":367,"column":17},"end":{"line":367,"column":18}},"242":{"start":{"line":368,"column":17},"end":{"line":368,"column":18}},"243":{"start":{"line":369,"column":27},"end":{"line":369,"column":28}},"244":{"start":{"line":370,"column":28},"end":{"line":370,"column":29}},"245":{"start":{"line":371,"column":4},"end":{"line":375,"column":5}},"246":{"start":{"line":372,"column":6},"end":{"line":372,"column":82}},"247":{"start":{"line":373,"column":6},"end":{"line":373,"column":55}},"248":{"start":{"line":374,"column":6},"end":{"line":374,"column":38}},"249":{"start":{"line":376,"column":4},"end":{"line":380,"column":5}},"250":{"start":{"line":377,"column":6},"end":{"line":377,"column":82}},"251":{"start":{"line":378,"column":6},"end":{"line":378,"column":53}},"252":{"start":{"line":379,"column":6},"end":{"line":379,"column":40}},"253":{"start":{"line":381,"column":4},"end":{"line":381,"column":38}},"254":{"start":{"line":382,"column":4},"end":{"line":382,"column":76}},"255":{"start":{"line":383,"column":4},"end":{"line":383,"column":25}},"256":{"start":{"line":387,"column":0},"end":{"line":411,"column":3}},"257":{"start":{"line":388,"column":14},"end":{"line":388,"column":25}},"258":{"start":{"line":389,"column":2},"end":{"line":389,"column":32}},"259":{"start":{"line":390,"column":19},"end":{"line":390,"column":70}},"260":{"start":{"line":391,"column":19},"end":{"line":391,"column":67}},"261":{"start":{"line":392,"column":18},"end":{"line":392,"column":31}},"262":{"start":{"line":393,"column":18},"end":{"line":393,"column":31}},"263":{"start":{"line":395,"column":19},"end":{"line":395,"column":25}},"264":{"start":{"line":396,"column":21},"end":{"line":396,"column":27}},"265":{"start":{"line":397,"column":20},"end":{"line":397,"column":26}},"266":{"start":{"line":399,"column":2},"end":{"line":405,"column":3}},"267":{"start":{"line":399,"column":15},"end":{"line":399,"column":16}},"268":{"start":{"line":400,"column":4},"end":{"line":400,"column":92}},"269":{"start":{"line":401,"column":4},"end":{"line":401,"column":22}},"270":{"start":{"line":402,"column":4},"end":{"line":402,"column":26}},"271":{"start":{"line":403,"column":4},"end":{"line":403,"column":26}},"272":{"start":{"line":404,"column":4},"end":{"line":404,"column":36}},"273":{"start":{"line":407,"column":2},"end":{"line":407,"column":35}},"274":{"start":{"line":408,"column":2},"end":{"line":408,"column":31}},"275":{"start":{"line":409,"column":2},"end":{"line":409,"column":56}},"276":{"start":{"line":410,"column":2},"end":{"line":410,"column":23}},"277":{"start":{"line":413,"column":18},"end":{"line":413,"column":50}},"278":{"start":{"line":414,"column":18},"end":{"line":414,"column":51}},"279":{"start":{"line":415,"column":18},"end":{"line":415,"column":55}},"280":{"start":{"line":416,"column":18},"end":{"line":416,"column":55}},"281":{"start":{"line":417,"column":19},"end":{"line":417,"column":52}},"282":{"start":{"line":419,"column":0},"end":{"line":430,"column":3}},"283":{"start":{"line":420,"column":2},"end":{"line":420,"column":21}},"284":{"start":{"line":421,"column":24},"end":{"line":421,"column":39}},"285":{"start":{"line":422,"column":2},"end":{"line":429,"column":5}},"286":{"start":{"line":423,"column":4},"end":{"line":428,"column":5}},"287":{"start":{"line":424,"column":6},"end":{"line":424,"column":72}},"288":{"start":{"line":426,"column":6},"end":{"line":426,"column":40}},"289":{"start":{"line":427,"column":6},"end":{"line":427,"column":26}},"290":{"start":{"line":433,"column":2},"end":{"line":450,"column":3}},"291":{"start":{"line":434,"column":21},"end":{"line":438,"column":6}},"292":{"start":{"line":439,"column":4},"end":{"line":447,"column":5}},"293":{"start":{"line":440,"column":19},"end":{"line":440,"column":40}},"294":{"start":{"line":441,"column":6},"end":{"line":441,"column":38}},"295":{"start":{"line":442,"column":6},"end":{"line":442,"column":39}},"296":{"start":{"line":443,"column":6},"end":{"line":443,"column":30}},"297":{"start":{"line":444,"column":6},"end":{"line":444,"column":31}},"298":{"start":{"line":445,"column":6},"end":{"line":445,"column":31}},"299":{"start":{"line":446,"column":6},"end":{"line":446,"column":31}},"300":{"start":{"line":449,"column":4},"end":{"line":449,"column":23}},"301":{"start":{"line":453,"column":0},"end":{"line":459,"column":3}},"302":{"start":{"line":454,"column":2},"end":{"line":454,"column":21}},"303":{"start":{"line":455,"column":2},"end":{"line":455,"column":27}},"304":{"start":{"line":456,"column":2},"end":{"line":456,"column":26}},"305":{"start":{"line":457,"column":2},"end":{"line":457,"column":26}},"306":{"start":{"line":458,"column":2},"end":{"line":458,"column":27}},"307":{"start":{"line":463,"column":0},"end":{"line":472,"column":3}},"308":{"start":{"line":464,"column":2},"end":{"line":464,"column":21}},"309":{"start":{"line":465,"column":2},"end":{"line":465,"column":52}},"310":{"start":{"line":466,"column":2},"end":{"line":466,"column":17}},"311":{"start":{"line":467,"column":2},"end":{"line":467,"column":49}},"312":{"start":{"line":468,"column":2},"end":{"line":468,"column":49}},"313":{"start":{"line":469,"column":2},"end":{"line":469,"column":35}},"314":{"start":{"line":470,"column":2},"end":{"line":470,"column":53}},"315":{"start":{"line":471,"column":2},"end":{"line":471,"column":74}},"316":{"start":{"line":475,"column":2},"end":{"line":484,"column":10}},"317":{"start":{"line":487,"column":0},"end":{"line":523,"column":3}},"318":{"start":{"line":488,"column":2},"end":{"line":488,"column":21}},"319":{"start":{"line":489,"column":2},"end":{"line":522,"column":3}},"320":{"start":{"line":490,"column":25},"end":{"line":490,"column":105}},"321":{"start":{"line":490,"column":75},"end":{"line":490,"column":104}},"322":{"start":{"line":491,"column":4},"end":{"line":491,"column":36}},"323":{"start":{"line":492,"column":4},"end":{"line":492,"column":47}},"324":{"start":{"line":493,"column":9},"end":{"line":522,"column":3}},"325":{"start":{"line":494,"column":4},"end":{"line":494,"column":54}},"326":{"start":{"line":495,"column":4},"end":{"line":495,"column":46}},"327":{"start":{"line":496,"column":4},"end":{"line":496,"column":51}},"328":{"start":{"line":497,"column":25},"end":{"line":497,"column":113}},"329":{"start":{"line":497,"column":75},"end":{"line":497,"column":112}},"330":{"start":{"line":498,"column":4},"end":{"line":498,"column":111}},"331":{"start":{"line":499,"column":32},"end":{"line":499,"column":67}},"332":{"start":{"line":500,"column":4},"end":{"line":500,"column":54}},"333":{"start":{"line":501,"column":21},"end":{"line":501,"column":71}},"334":{"start":{"line":502,"column":16},"end":{"line":502,"column":27}},"335":{"start":{"line":503,"column":4},"end":{"line":503,"column":47}},"336":{"start":{"line":504,"column":4},"end":{"line":508,"column":6}},"337":{"start":{"line":505,"column":6},"end":{"line":505,"column":70}},"338":{"start":{"line":506,"column":6},"end":{"line":506,"column":31}},"339":{"start":{"line":507,"column":6},"end":{"line":507,"column":69}},"340":{"start":{"line":509,"column":4},"end":{"line":509,"column":45}},"341":{"start":{"line":511,"column":4},"end":{"line":511,"column":54}},"342":{"start":{"line":512,"column":4},"end":{"line":512,"column":46}},"343":{"start":{"line":513,"column":4},"end":{"line":513,"column":51}},"344":{"start":{"line":514,"column":25},"end":{"line":514,"column":113}},"345":{"start":{"line":514,"column":75},"end":{"line":514,"column":112}},"346":{"start":{"line":515,"column":4},"end":{"line":521,"column":5}},"347":{"start":{"line":516,"column":18},"end":{"line":516,"column":29}},"348":{"start":{"line":517,"column":6},"end":{"line":517,"column":49}},"349":{"start":{"line":518,"column":6},"end":{"line":520,"column":8}},"350":{"start":{"line":519,"column":8},"end":{"line":519,"column":33}},"351":{"start":{"line":526,"column":18},"end":{"line":526,"column":36}},"352":{"start":{"line":527,"column":19},"end":{"line":527,"column":64}},"353":{"start":{"line":528,"column":14},"end":{"line":528,"column":25}},"354":{"start":{"line":529,"column":2},"end":{"line":529,"column":20}},"355":{"start":{"line":530,"column":2},"end":{"line":532,"column":4}},"356":{"start":{"line":531,"column":4},"end":{"line":531,"column":68}},"357":{"start":{"line":533,"column":23},"end":{"line":533,"column":111}},"358":{"start":{"line":533,"column":73},"end":{"line":533,"column":110}},"359":{"start":{"line":534,"column":2},"end":{"line":534,"column":45}},"360":{"start":{"line":538,"column":10},"end":{"line":538,"column":11}},"361":{"start":{"line":539,"column":14},"end":{"line":539,"column":67}},"362":{"start":{"line":539,"column":32},"end":{"line":539,"column":54}},"363":{"start":{"line":541,"column":0},"end":{"line":546,"column":3}},"364":{"start":{"line":542,"column":2},"end":{"line":542,"column":25}},"365":{"start":{"line":543,"column":2},"end":{"line":543,"column":24}},"366":{"start":{"line":544,"column":2},"end":{"line":544,"column":39}},"367":{"start":{"line":545,"column":2},"end":{"line":545,"column":66}},"368":{"start":{"line":545,"column":30},"end":{"line":545,"column":52}},"369":{"start":{"line":550,"column":2},"end":{"line":559,"column":3}},"370":{"start":{"line":551,"column":4},"end":{"line":558,"column":5}},"371":{"start":{"line":552,"column":20},"end":{"line":552,"column":58}},"372":{"start":{"line":553,"column":6},"end":{"line":557,"column":7}},"373":{"start":{"line":554,"column":8},"end":{"line":554,"column":36}},"374":{"start":{"line":555,"column":13},"end":{"line":557,"column":7}},"375":{"start":{"line":556,"column":8},"end":{"line":556,"column":42}},"376":{"start":{"line":562,"column":0},"end":{"line":568,"column":2}},"377":{"start":{"line":563,"column":2},"end":{"line":563,"column":77}},"378":{"start":{"line":564,"column":2},"end":{"line":564,"column":131}},"379":{"start":{"line":564,"column":91},"end":{"line":564,"column":128}},"380":{"start":{"line":565,"column":2},"end":{"line":565,"column":49}},"381":{"start":{"line":566,"column":2},"end":{"line":566,"column":58}},"382":{"start":{"line":567,"column":2},"end":{"line":567,"column":53}}},"fnMap":{"0":{"name":"(anonymous_0)","decl":{"start":{"line":49,"column":40},"end":{"line":49,"column":41}},"loc":{"start":{"line":49,"column":46},"end":{"line":76,"column":1}},"line":49},"1":{"name":"drawImageOnCanvas","decl":{"start":{"line":57,"column":24},"end":{"line":57,"column":41}},"loc":{"start":{"line":57,"column":44},"end":{"line":75,"column":3}},"line":57},"2":{"name":"getCanvasSize","decl":{"start":{"line":78,"column":9},"end":{"line":78,"column":22}},"loc":{"start":{"line":78,"column":29},"end":{"line":81,"column":1}},"line":78},"3":{"name":"(anonymous_3)","decl":{"start":{"line":90,"column":37},"end":{"line":90,"column":38}},"loc":{"start":{"line":90,"column":43},"end":{"line":92,"column":1}},"line":90},"4":{"name":"(anonymous_4)","decl":{"start":{"line":115,"column":19},"end":{"line":115,"column":20}},"loc":{"start":{"line":115,"column":25},"end":{"line":115,"column":88}},"line":115},"5":{"name":"(anonymous_5)","decl":{"start":{"line":131,"column":15},"end":{"line":131,"column":16}},"loc":{"start":{"line":131,"column":21},"end":{"line":131,"column":45}},"line":131},"6":{"name":"(anonymous_6)","decl":{"start":{"line":141,"column":37},"end":{"line":141,"column":38}},"loc":{"start":{"line":141,"column":44},"end":{"line":162,"column":1}},"line":141},"7":{"name":"(anonymous_7)","decl":{"start":{"line":164,"column":37},"end":{"line":164,"column":38}},"loc":{"start":{"line":164,"column":44},"end":{"line":173,"column":1}},"line":164},"8":{"name":"(anonymous_8)","decl":{"start":{"line":175,"column":35},"end":{"line":175,"column":36}},"loc":{"start":{"line":175,"column":42},"end":{"line":189,"column":1}},"line":175},"9":{"name":"drawMouseMove","decl":{"start":{"line":191,"column":9},"end":{"line":191,"column":22}},"loc":{"start":{"line":191,"column":43},"end":{"line":206,"column":1}},"line":191},"10":{"name":"getMouseX","decl":{"start":{"line":209,"column":9},"end":{"line":209,"column":18}},"loc":{"start":{"line":209,"column":26},"end":{"line":214,"column":1}},"line":209},"11":{"name":"getMouseY","decl":{"start":{"line":216,"column":9},"end":{"line":216,"column":18}},"loc":{"start":{"line":216,"column":26},"end":{"line":221,"column":1}},"line":216},"12":{"name":"(anonymous_12)","decl":{"start":{"line":225,"column":33},"end":{"line":225,"column":34}},"loc":{"start":{"line":225,"column":40},"end":{"line":245,"column":1}},"line":225},"13":{"name":"(anonymous_13)","decl":{"start":{"line":247,"column":33},"end":{"line":247,"column":34}},"loc":{"start":{"line":247,"column":40},"end":{"line":258,"column":1}},"line":247},"14":{"name":"clearCanvas","decl":{"start":{"line":262,"column":9},"end":{"line":262,"column":20}},"loc":{"start":{"line":262,"column":23},"end":{"line":268,"column":1}},"line":262},"15":{"name":"(anonymous_15)","decl":{"start":{"line":270,"column":70},"end":{"line":270,"column":71}},"loc":{"start":{"line":270,"column":76},"end":{"line":275,"column":1}},"line":270},"16":{"name":"changeColor","decl":{"start":{"line":277,"column":9},"end":{"line":277,"column":20}},"loc":{"start":{"line":277,"column":23},"end":{"line":280,"column":1}},"line":277},"17":{"name":"(anonymous_17)","decl":{"start":{"line":284,"column":36},"end":{"line":284,"column":37}},"loc":{"start":{"line":284,"column":42},"end":{"line":287,"column":1}},"line":284},"18":{"name":"(anonymous_18)","decl":{"start":{"line":290,"column":35},"end":{"line":290,"column":36}},"loc":{"start":{"line":290,"column":41},"end":{"line":293,"column":1}},"line":290},"19":{"name":"(anonymous_19)","decl":{"start":{"line":296,"column":36},"end":{"line":296,"column":37}},"loc":{"start":{"line":296,"column":42},"end":{"line":299,"column":1}},"line":296},"20":{"name":"floodFill","decl":{"start":{"line":303,"column":9},"end":{"line":303,"column":18}},"loc":{"start":{"line":303,"column":36},"end":{"line":322,"column":1}},"line":303},"21":{"name":"getPixel","decl":{"start":{"line":324,"column":9},"end":{"line":324,"column":17}},"loc":{"start":{"line":324,"column":35},"end":{"line":330,"column":1}},"line":324},"22":{"name":"setPixel","decl":{"start":{"line":334,"column":9},"end":{"line":334,"column":17}},"loc":{"start":{"line":334,"column":42},"end":{"line":341,"column":1}},"line":334},"23":{"name":"(anonymous_23)","decl":{"start":{"line":343,"column":37},"end":{"line":343,"column":38}},"loc":{"start":{"line":343,"column":43},"end":{"line":345,"column":1}},"line":343},"24":{"name":"(anonymous_24)","decl":{"start":{"line":347,"column":36},"end":{"line":347,"column":37}},"loc":{"start":{"line":347,"column":42},"end":{"line":349,"column":1}},"line":347},"25":{"name":"(anonymous_25)","decl":{"start":{"line":351,"column":62},"end":{"line":351,"column":63}},"loc":{"start":{"line":351,"column":74},"end":{"line":385,"column":1}},"line":351},"26":{"name":"drawImageOnCanvas","decl":{"start":{"line":366,"column":24},"end":{"line":366,"column":41}},"loc":{"start":{"line":366,"column":44},"end":{"line":384,"column":3}},"line":366},"27":{"name":"(anonymous_27)","decl":{"start":{"line":387,"column":60},"end":{"line":387,"column":61}},"loc":{"start":{"line":387,"column":66},"end":{"line":411,"column":1}},"line":387},"28":{"name":"(anonymous_28)","decl":{"start":{"line":419,"column":36},"end":{"line":419,"column":37}},"loc":{"start":{"line":419,"column":43},"end":{"line":430,"column":1}},"line":419},"29":{"name":"(anonymous_29)","decl":{"start":{"line":422,"column":68},"end":{"line":422,"column":69}},"loc":{"start":{"line":422,"column":83},"end":{"line":429,"column":3}},"line":422},"30":{"name":"getData","decl":{"start":{"line":432,"column":15},"end":{"line":432,"column":22}},"loc":{"start":{"line":432,"column":30},"end":{"line":451,"column":1}},"line":432},"31":{"name":"(anonymous_31)","decl":{"start":{"line":453,"column":36},"end":{"line":453,"column":37}},"loc":{"start":{"line":453,"column":43},"end":{"line":459,"column":1}},"line":453},"32":{"name":"(anonymous_32)","decl":{"start":{"line":463,"column":36},"end":{"line":463,"column":37}},"loc":{"start":{"line":463,"column":43},"end":{"line":472,"column":1}},"line":463},"33":{"name":"addFrameHTML","decl":{"start":{"line":474,"column":9},"end":{"line":474,"column":21}},"loc":{"start":{"line":474,"column":24},"end":{"line":485,"column":1}},"line":474},"34":{"name":"(anonymous_34)","decl":{"start":{"line":487,"column":37},"end":{"line":487,"column":38}},"loc":{"start":{"line":487,"column":44},"end":{"line":523,"column":1}},"line":487},"35":{"name":"(anonymous_35)","decl":{"start":{"line":490,"column":67},"end":{"line":490,"column":68}},"loc":{"start":{"line":490,"column":75},"end":{"line":490,"column":104}},"line":490},"36":{"name":"(anonymous_36)","decl":{"start":{"line":497,"column":67},"end":{"line":497,"column":68}},"loc":{"start":{"line":497,"column":75},"end":{"line":497,"column":112}},"line":497},"37":{"name":"(anonymous_37)","decl":{"start":{"line":504,"column":17},"end":{"line":504,"column":18}},"loc":{"start":{"line":504,"column":23},"end":{"line":508,"column":5}},"line":504},"38":{"name":"(anonymous_38)","decl":{"start":{"line":514,"column":67},"end":{"line":514,"column":68}},"loc":{"start":{"line":514,"column":75},"end":{"line":514,"column":112}},"line":514},"39":{"name":"(anonymous_39)","decl":{"start":{"line":518,"column":19},"end":{"line":518,"column":20}},"loc":{"start":{"line":518,"column":25},"end":{"line":520,"column":7}},"line":518},"40":{"name":"currentStateCanvas","decl":{"start":{"line":525,"column":9},"end":{"line":525,"column":27}},"loc":{"start":{"line":525,"column":30},"end":{"line":535,"column":1}},"line":525},"41":{"name":"(anonymous_41)","decl":{"start":{"line":530,"column":15},"end":{"line":530,"column":16}},"loc":{"start":{"line":530,"column":21},"end":{"line":532,"column":3}},"line":530},"42":{"name":"(anonymous_42)","decl":{"start":{"line":533,"column":65},"end":{"line":533,"column":66}},"loc":{"start":{"line":533,"column":73},"end":{"line":533,"column":110}},"line":533},"43":{"name":"(anonymous_43)","decl":{"start":{"line":539,"column":26},"end":{"line":539,"column":27}},"loc":{"start":{"line":539,"column":32},"end":{"line":539,"column":54}},"line":539},"44":{"name":"(anonymous_44)","decl":{"start":{"line":541,"column":36},"end":{"line":541,"column":37}},"loc":{"start":{"line":541,"column":42},"end":{"line":546,"column":1}},"line":541},"45":{"name":"(anonymous_45)","decl":{"start":{"line":545,"column":24},"end":{"line":545,"column":25}},"loc":{"start":{"line":545,"column":30},"end":{"line":545,"column":52}},"line":545},"46":{"name":"full_screen","decl":{"start":{"line":549,"column":9},"end":{"line":549,"column":20}},"loc":{"start":{"line":549,"column":23},"end":{"line":560,"column":1}},"line":549},"47":{"name":"(anonymous_47)","decl":{"start":{"line":562,"column":24},"end":{"line":562,"column":25}},"loc":{"start":{"line":562,"column":30},"end":{"line":568,"column":1}},"line":562},"48":{"name":"(anonymous_48)","decl":{"start":{"line":564,"column":83},"end":{"line":564,"column":84}},"loc":{"start":{"line":564,"column":91},"end":{"line":564,"column":128}},"line":564}},"branchMap":{"0":{"loc":{"start":{"line":41,"column":0},"end":{"line":44,"column":1}},"type":"if","locations":[{"start":{"line":41,"column":0},"end":{"line":44,"column":1}},{"start":{"line":41,"column":0},"end":{"line":44,"column":1}}],"line":41},"1":{"loc":{"start":{"line":62,"column":4},"end":{"line":66,"column":5}},"type":"if","locations":[{"start":{"line":62,"column":4},"end":{"line":66,"column":5}},{"start":{"line":62,"column":4},"end":{"line":66,"column":5}}],"line":62},"2":{"loc":{"start":{"line":67,"column":4},"end":{"line":71,"column":5}},"type":"if","locations":[{"start":{"line":67,"column":4},"end":{"line":71,"column":5}},{"start":{"line":67,"column":4},"end":{"line":71,"column":5}}],"line":67},"3":{"loc":{"start":{"line":83,"column":0},"end":{"line":85,"column":1}},"type":"if","locations":[{"start":{"line":83,"column":0},"end":{"line":85,"column":1}},{"start":{"line":83,"column":0},"end":{"line":85,"column":1}}],"line":83},"4":{"loc":{"start":{"line":102,"column":0},"end":{"line":105,"column":1}},"type":"if","locations":[{"start":{"line":102,"column":0},"end":{"line":105,"column":1}},{"start":{"line":102,"column":0},"end":{"line":105,"column":1}}],"line":102},"5":{"loc":{"start":{"line":107,"column":0},"end":{"line":138,"column":1}},"type":"if","locations":[{"start":{"line":107,"column":0},"end":{"line":138,"column":1}},{"start":{"line":107,"column":0},"end":{"line":138,"column":1}}],"line":107},"6":{"loc":{"start":{"line":111,"column":4},"end":{"line":116,"column":5}},"type":"if","locations":[{"start":{"line":111,"column":4},"end":{"line":116,"column":5}},{"start":{"line":111,"column":4},"end":{"line":116,"column":5}}],"line":111},"7":{"loc":{"start":{"line":118,"column":2},"end":{"line":122,"column":3}},"type":"if","locations":[{"start":{"line":118,"column":2},"end":{"line":122,"column":3}},{"start":{"line":118,"column":2},"end":{"line":122,"column":3}}],"line":118},"8":{"loc":{"start":{"line":125,"column":2},"end":{"line":127,"column":3}},"type":"if","locations":[{"start":{"line":125,"column":2},"end":{"line":127,"column":3}},{"start":{"line":125,"column":2},"end":{"line":127,"column":3}}],"line":125},"9":{"loc":{"start":{"line":143,"column":2},"end":{"line":154,"column":3}},"type":"if","locations":[{"start":{"line":143,"column":2},"end":{"line":154,"column":3}},{"start":{"line":143,"column":2},"end":{"line":154,"column":3}}],"line":143},"10":{"loc":{"start":{"line":143,"column":6},"end":{"line":143,"column":58}},"type":"binary-expr","locations":[{"start":{"line":143,"column":6},"end":{"line":143,"column":30}},{"start":{"line":143,"column":34},"end":{"line":143,"column":58}}],"line":143},"11":{"loc":{"start":{"line":144,"column":4},"end":{"line":146,"column":5}},"type":"if","locations":[{"start":{"line":144,"column":4},"end":{"line":146,"column":5}},{"start":{"line":144,"column":4},"end":{"line":146,"column":5}}],"line":144},"12":{"loc":{"start":{"line":147,"column":4},"end":{"line":149,"column":5}},"type":"if","locations":[{"start":{"line":147,"column":4},"end":{"line":149,"column":5}},{"start":{"line":147,"column":4},"end":{"line":149,"column":5}}],"line":147},"13":{"loc":{"start":{"line":155,"column":2},"end":{"line":161,"column":3}},"type":"if","locations":[{"start":{"line":155,"column":2},"end":{"line":161,"column":3}},{"start":{"line":155,"column":2},"end":{"line":161,"column":3}}],"line":155},"14":{"loc":{"start":{"line":166,"column":2},"end":{"line":169,"column":3}},"type":"if","locations":[{"start":{"line":166,"column":2},"end":{"line":169,"column":3}},{"start":{"line":166,"column":2},"end":{"line":169,"column":3}}],"line":166},"15":{"loc":{"start":{"line":166,"column":6},"end":{"line":166,"column":77}},"type":"binary-expr","locations":[{"start":{"line":166,"column":7},"end":{"line":166,"column":31}},{"start":{"line":166,"column":35},"end":{"line":166,"column":59}},{"start":{"line":166,"column":64},"end":{"line":166,"column":77}}],"line":166},"16":{"loc":{"start":{"line":177,"column":2},"end":{"line":181,"column":3}},"type":"if","locations":[{"start":{"line":177,"column":2},"end":{"line":181,"column":3}},{"start":{"line":177,"column":2},"end":{"line":181,"column":3}}],"line":177},"17":{"loc":{"start":{"line":177,"column":6},"end":{"line":177,"column":58}},"type":"binary-expr","locations":[{"start":{"line":177,"column":6},"end":{"line":177,"column":30}},{"start":{"line":177,"column":34},"end":{"line":177,"column":58}}],"line":177},"18":{"loc":{"start":{"line":182,"column":2},"end":{"line":187,"column":3}},"type":"if","locations":[{"start":{"line":182,"column":2},"end":{"line":187,"column":3}},{"start":{"line":182,"column":2},"end":{"line":187,"column":3}}],"line":182},"19":{"loc":{"start":{"line":227,"column":2},"end":{"line":243,"column":3}},"type":"if","locations":[{"start":{"line":227,"column":2},"end":{"line":243,"column":3}},{"start":{"line":227,"column":2},"end":{"line":243,"column":3}}],"line":227},"20":{"loc":{"start":{"line":235,"column":6},"end":{"line":240,"column":7}},"type":"if","locations":[{"start":{"line":235,"column":6},"end":{"line":240,"column":7}},{"start":{"line":235,"column":6},"end":{"line":240,"column":7}}],"line":235},"21":{"loc":{"start":{"line":237,"column":8},"end":{"line":239,"column":9}},"type":"if","locations":[{"start":{"line":237,"column":8},"end":{"line":239,"column":9}},{"start":{"line":237,"column":8},"end":{"line":239,"column":9}}],"line":237},"22":{"loc":{"start":{"line":249,"column":2},"end":{"line":256,"column":3}},"type":"if","locations":[{"start":{"line":249,"column":2},"end":{"line":256,"column":3}},{"start":{"line":249,"column":2},"end":{"line":256,"column":3}}],"line":249},"23":{"loc":{"start":{"line":306,"column":2},"end":{"line":321,"column":3}},"type":"if","locations":[{"start":{"line":306,"column":2},"end":{"line":321,"column":3}},{"start":{"line":306,"column":2},"end":{"line":321,"column":3}}],"line":306},"24":{"loc":{"start":{"line":312,"column":6},"end":{"line":318,"column":7}},"type":"if","locations":[{"start":{"line":312,"column":6},"end":{"line":318,"column":7}},{"start":{"line":312,"column":6},"end":{"line":318,"column":7}}],"line":312},"25":{"loc":{"start":{"line":325,"column":2},"end":{"line":327,"column":3}},"type":"if","locations":[{"start":{"line":325,"column":2},"end":{"line":327,"column":3}},{"start":{"line":325,"column":2},"end":{"line":327,"column":3}}],"line":325},"26":{"loc":{"start":{"line":325,"column":6},"end":{"line":325,"column":69}},"type":"binary-expr","locations":[{"start":{"line":325,"column":6},"end":{"line":325,"column":11}},{"start":{"line":325,"column":15},"end":{"line":325,"column":20}},{"start":{"line":325,"column":24},"end":{"line":325,"column":44}},{"start":{"line":325,"column":48},"end":{"line":325,"column":69}}],"line":325},"27":{"loc":{"start":{"line":371,"column":4},"end":{"line":375,"column":5}},"type":"if","locations":[{"start":{"line":371,"column":4},"end":{"line":375,"column":5}},{"start":{"line":371,"column":4},"end":{"line":375,"column":5}}],"line":371},"28":{"loc":{"start":{"line":376,"column":4},"end":{"line":380,"column":5}},"type":"if","locations":[{"start":{"line":376,"column":4},"end":{"line":380,"column":5}},{"start":{"line":376,"column":4},"end":{"line":380,"column":5}}],"line":376},"29":{"loc":{"start":{"line":423,"column":4},"end":{"line":428,"column":5}},"type":"if","locations":[{"start":{"line":423,"column":4},"end":{"line":428,"column":5}},{"start":{"line":423,"column":4},"end":{"line":428,"column":5}}],"line":423},"30":{"loc":{"start":{"line":439,"column":4},"end":{"line":447,"column":5}},"type":"if","locations":[{"start":{"line":439,"column":4},"end":{"line":447,"column":5}},{"start":{"line":439,"column":4},"end":{"line":447,"column":5}}],"line":439},"31":{"loc":{"start":{"line":489,"column":2},"end":{"line":522,"column":3}},"type":"if","locations":[{"start":{"line":489,"column":2},"end":{"line":522,"column":3}},{"start":{"line":489,"column":2},"end":{"line":522,"column":3}}],"line":489},"32":{"loc":{"start":{"line":493,"column":9},"end":{"line":522,"column":3}},"type":"if","locations":[{"start":{"line":493,"column":9},"end":{"line":522,"column":3}},{"start":{"line":493,"column":9},"end":{"line":522,"column":3}}],"line":493},"33":{"loc":{"start":{"line":515,"column":4},"end":{"line":521,"column":5}},"type":"if","locations":[{"start":{"line":515,"column":4},"end":{"line":521,"column":5}},{"start":{"line":515,"column":4},"end":{"line":521,"column":5}}],"line":515},"34":{"loc":{"start":{"line":550,"column":2},"end":{"line":559,"column":3}},"type":"if","locations":[{"start":{"line":550,"column":2},"end":{"line":559,"column":3}},{"start":{"line":550,"column":2},"end":{"line":559,"column":3}}],"line":550},"35":{"loc":{"start":{"line":550,"column":6},"end":{"line":550,"column":78}},"type":"binary-expr","locations":[{"start":{"line":550,"column":6},"end":{"line":550,"column":37}},{"start":{"line":550,"column":41},"end":{"line":550,"column":78}}],"line":550},"36":{"loc":{"start":{"line":551,"column":4},"end":{"line":558,"column":5}},"type":"if","locations":[{"start":{"line":551,"column":4},"end":{"line":558,"column":5}},{"start":{"line":551,"column":4},"end":{"line":558,"column":5}}],"line":551},"37":{"loc":{"start":{"line":551,"column":8},"end":{"line":551,"column":70}},"type":"binary-expr","locations":[{"start":{"line":551,"column":8},"end":{"line":551,"column":34}},{"start":{"line":551,"column":38},"end":{"line":551,"column":70}}],"line":551},"38":{"loc":{"start":{"line":553,"column":6},"end":{"line":557,"column":7}},"type":"if","locations":[{"start":{"line":553,"column":6},"end":{"line":557,"column":7}},{"start":{"line":553,"column":6},"end":{"line":557,"column":7}}],"line":553},"39":{"loc":{"start":{"line":555,"column":13},"end":{"line":557,"column":7}},"type":"if","locations":[{"start":{"line":555,"column":13},"end":{"line":557,"column":7}},{"start":{"line":555,"column":13},"end":{"line":557,"column":7}}],"line":555}},"s":{"0":0,"1":0,"2":0,"3":0,"4":0,"5":0,"6":0,"7":0,"8":0,"9":0,"10":0,"11":0,"12":0,"13":0,"14":0,"15":0,"16":0,"17":0,"18":0,"19":0,"20":0,"21":0,"22":0,"23":0,"24":0,"25":0,"26":0,"27":0,"28":0,"29":0,"30":0,"31":0,"32":0,"33":0,"34":0,"35":0,"36":0,"37":0,"38":0,"39":0,"40":0,"41":0,"42":0,"43":0,"44":0,"45":0,"46":0,"47":0,"48":0,"49":0,"50":0,"51":0,"52":0,"53":0,"54":0,"55":0,"56":0,"57":0,"58":0,"59":0,"60":0,"61":0,"62":0,"63":0,"64":0,"65":0,"66":0,"67":0,"68":0,"69":0,"70":0,"71":0,"72":0,"73":0,"74":0,"75":0,"76":0,"77":0,"78":0,"79":0,"80":0,"81":0,"82":0,"83":0,"84":0,"85":0,"86":0,"87":0,"88":0,"89":0,"90":0,"91":0,"92":0,"93":0,"94":0,"95":0,"96":0,"97":0,"98":0,"99":0,"100":0,"101":0,"102":0,"103":0,"104":0,"105":0,"106":0,"107":0,"108":0,"109":0,"110":0,"111":0,"112":0,"113":0,"114":0,"115":0,"116":0,"117":0,"118":0,"119":0,"120":0,"121":0,"122":0,"123":0,"124":0,"125":0,"126":0,"127":0,"128":0,"129":0,"130":0,"131":0,"132":0,"133":0,"134":0,"135":0,"136":0,"137":0,"138":0,"139":0,"140":0,"141":0,"142":0,"143":0,"144":0,"145":0,"146":0,"147":0,"148":0,"149":0,"150":0,"151":0,"152":0,"153":0,"154":0,"155":0,"156":0,"157":0,"158":0,"159":0,"160":0,"161":0,"162":0,"163":0,"164":0,"165":0,"166":0,"167":0,"168":0,"169":0,"170":0,"171":0,"172":0,"173":0,"174":0,"175":0,"176":0,"177":0,"178":0,"179":0,"180":0,"181":0,"182":0,"183":0,"184":0,"185":0,"186":0,"187":0,"188":0,"189":0,"190":0,"191":0,"192":0,"193":0,"194":0,"195":0,"196":0,"197":0,"198":0,"199":0,"200":0,"201":0,"202":0,"203":0,"204":0,"205":0,"206":0,"207":0,"208":0,"209":0,"210":0,"211":0,"212":0,"213":0,"214":0,"215":0,"216":0,"217":0,"218":0,"219":0,"220":0,"221":0,"222":0,"223":0,"224":0,"225":0,"226":0,"227":0,"228":0,"229":0,"230":0,"231":0,"232":0,"233":0,"234":0,"235":0,"236":0,"237":0,"238":0,"239":0,"240":0,"241":0,"242":0,"243":0,"244":0,"245":0,"246":0,"247":0,"248":0,"249":0,"250":0,"251":0,"252":0,"253":0,"254":0,"255":0,"256":0,"257":0,"258":0,"259":0,"260":0,"261":0,"262":0,"263":0,"264":0,"265":0,"266":0,"267":0,"268":0,"269":0,"270":0,"271":0,"272":0,"273":0,"274":0,"275":0,"276":0,"277":0,"278":0,"279":0,"280":0,"281":0,"282":0,"283":0,"284":0,"285":0,"286":0,"287":0,"288":0,"289":0,"290":0,"291":0,"292":0,"293":0,"294":0,"295":0,"296":0,"297":0,"298":0,"299":0,"300":0,"301":0,"302":0,"303":0,"304":0,"305":0,"306":0,"307":0,"308":0,"309":0,"310":0,"311":0,"312":0,"313":0,"314":0,"315":0,"316":0,"317":0,"318":0,"319":0,"320":0,"321":0,"322":0,"323":0,"324":0,"325":0,"326":0,"327":0,"328":0,"329":0,"330":0,"331":0,"332":0,"333":0,"334":0,"335":0,"336":0,"337":0,"338":0,"339":0,"340":0,"341":0,"342":0,"343":0,"344":0,"345":0,"346":0,"347":0,"348":0,"349":0,"350":0,"351":0,"352":0,"353":0,"354":0,"355":0,"356":0,"357":0,"358":0,"359":0,"360":0,"361":0,"362":0,"363":0,"364":0,"365":0,"366":0,"367":0,"368":0,"369":0,"370":0,"371":0,"372":0,"373":0,"374":0,"375":0,"376":0,"377":0,"378":0,"379":0,"380":0,"381":0,"382":0},"f":{"0":0,"1":0,"2":0,"3":0,"4":0,"5":0,"6":0,"7":0,"8":0,"9":0,"10":0,"11":0,"12":0,"13":0,"14":0,"15":0,"16":0,"17":0,"18":0,"19":0,"20":0,"21":0,"22":0,"23":0,"24":0,"25":0,"26":0,"27":0,"28":0,"29":0,"30":0,"31":0,"32":0,"33":0,"34":0,"35":0,"36":0,"37":0,"38":0,"39":0,"40":0,"41":0,"42":0,"43":0,"44":0,"45":0,"46":0,"47":0,"48":0},"b":{"0":[0,0],"1":[0,0],"2":[0,0],"3":[0,0],"4":[0,0],"5":[0,0],"6":[0,0],"7":[0,0],"8":[0,0],"9":[0,0],"10":[0,0],"11":[0,0],"12":[0,0],"13":[0,0],"14":[0,0],"15":[0,0,0],"16":[0,0],"17":[0,0],"18":[0,0],"19":[0,0],"20":[0,0],"21":[0,0],"22":[0,0],"23":[0,0],"24":[0,0],"25":[0,0],"26":[0,0,0,0],"27":[0,0],"28":[0,0],"29":[0,0],"30":[0,0],"31":[0,0],"32":[0,0],"33":[0,0],"34":[0,0],"35":[0,0],"36":[0,0],"37":[0,0],"38":[0,0],"39":[0,0]},"hash":"599405b5a20f26c94b9c864327b1e008574c0b32"}
,"D:\\rss\\alpy86-RS2019Q3\\simple-piskel-clone\\src\\scripts\\tools.js": {"path":"D:\\rss\\alpy86-RS2019Q3\\simple-piskel-clone\\src\\scripts\\tools.js","statementMap":{"0":{"start":{"line":1,"column":18},"end":{"line":1,"column":55}},"1":{"start":{"line":2,"column":0},"end":{"line":2,"column":58}},"2":{"start":{"line":2,"column":43},"end":{"line":2,"column":56}},"3":{"start":{"line":4,"column":2},"end":{"line":4,"column":25}},"4":{"start":{"line":5,"column":20},"end":{"line":5,"column":66}},"5":{"start":{"line":6,"column":2},"end":{"line":6,"column":43}},"6":{"start":{"line":7,"column":23},"end":{"line":7,"column":49}},"7":{"start":{"line":8,"column":2},"end":{"line":8,"column":43}},"8":{"start":{"line":12,"column":20},"end":{"line":12,"column":56}},"9":{"start":{"line":13,"column":2},"end":{"line":13,"column":24}},"10":{"start":{"line":16,"column":0},"end":{"line":16,"column":59}},"11":{"start":{"line":16,"column":44},"end":{"line":16,"column":57}},"12":{"start":{"line":19,"column":22},"end":{"line":25,"column":3}},"13":{"start":{"line":26,"column":20},"end":{"line":26,"column":56}},"14":{"start":{"line":27,"column":2},"end":{"line":27,"column":43}},"15":{"start":{"line":28,"column":23},"end":{"line":28,"column":101}},"16":{"start":{"line":28,"column":67},"end":{"line":28,"column":100}},"17":{"start":{"line":29,"column":2},"end":{"line":29,"column":43}}},"fnMap":{"0":{"name":"(anonymous_0)","decl":{"start":{"line":2,"column":36},"end":{"line":2,"column":37}},"loc":{"start":{"line":2,"column":43},"end":{"line":2,"column":56}},"line":2},"1":{"name":"changeTool","decl":{"start":{"line":3,"column":9},"end":{"line":3,"column":19}},"loc":{"start":{"line":3,"column":27},"end":{"line":9,"column":1}},"line":3},"2":{"name":"getCurrentTool","decl":{"start":{"line":11,"column":9},"end":{"line":11,"column":23}},"loc":{"start":{"line":11,"column":26},"end":{"line":14,"column":1}},"line":11},"3":{"name":"(anonymous_3)","decl":{"start":{"line":16,"column":37},"end":{"line":16,"column":38}},"loc":{"start":{"line":16,"column":44},"end":{"line":16,"column":57}},"line":16},"4":{"name":"addHotKeys","decl":{"start":{"line":18,"column":9},"end":{"line":18,"column":19}},"loc":{"start":{"line":18,"column":27},"end":{"line":30,"column":1}},"line":18},"5":{"name":"(anonymous_5)","decl":{"start":{"line":28,"column":59},"end":{"line":28,"column":60}},"loc":{"start":{"line":28,"column":67},"end":{"line":28,"column":100}},"line":28}},"branchMap":{},"s":{"0":0,"1":0,"2":0,"3":0,"4":0,"5":0,"6":0,"7":0,"8":0,"9":0,"10":0,"11":0,"12":0,"13":0,"14":0,"15":0,"16":0,"17":0},"f":{"0":0,"1":0,"2":0,"3":0,"4":0,"5":0},"b":{},"hash":"17cd435852452ac20e4156ada3f83915ae95353f"}
,"D:\\rss\\alpy86-RS2019Q3\\simple-piskel-clone\\src\\tests\\hexToRgb.js": {"path":"D:\\rss\\alpy86-RS2019Q3\\simple-piskel-clone\\src\\tests\\hexToRgb.js","statementMap":{"0":{"start":{"line":2,"column":21},"end":{"line":2,"column":23}},"1":{"start":{"line":3,"column":4},"end":{"line":9,"column":5}},"2":{"start":{"line":4,"column":26},"end":{"line":4,"column":42}},"3":{"start":{"line":5,"column":8},"end":{"line":5,"column":63}},"4":{"start":{"line":6,"column":8},"end":{"line":6,"column":63}},"5":{"start":{"line":7,"column":8},"end":{"line":7,"column":60}},"6":{"start":{"line":8,"column":8},"end":{"line":8,"column":27}},"7":{"start":{"line":10,"column":4},"end":{"line":10,"column":20}},"8":{"start":{"line":13,"column":0},"end":{"line":13,"column":26}}},"fnMap":{"0":{"name":"hexToRgb","decl":{"start":{"line":1,"column":9},"end":{"line":1,"column":17}},"loc":{"start":{"line":1,"column":23},"end":{"line":11,"column":1}},"line":1}},"branchMap":{"0":{"loc":{"start":{"line":3,"column":4},"end":{"line":9,"column":5}},"type":"if","locations":[{"start":{"line":3,"column":4},"end":{"line":9,"column":5}},{"start":{"line":3,"column":4},"end":{"line":9,"column":5}}],"line":3}},"s":{"0":3,"1":3,"2":3,"3":3,"4":3,"5":3,"6":3,"7":3,"8":1},"f":{"0":3},"b":{"0":[3,0]},"_coverageSchema":"43e27e138ebf9cfc5966b082cf9a028302ed4184","hash":"7dfbc444ef1b9e13ad39c3ee404e46d84bf1724f"}
,"D:\\rss\\alpy86-RS2019Q3\\simple-piskel-clone\\src\\tests\\rgbToHex.js": {"path":"D:\\rss\\alpy86-RS2019Q3\\simple-piskel-clone\\src\\tests\\rgbToHex.js","statementMap":{"0":{"start":{"line":2,"column":12},"end":{"line":2,"column":31}},"1":{"start":{"line":3,"column":12},"end":{"line":3,"column":31}},"2":{"start":{"line":4,"column":12},"end":{"line":4,"column":31}},"3":{"start":{"line":5,"column":4},"end":{"line":7,"column":5}},"4":{"start":{"line":6,"column":6},"end":{"line":6,"column":18}},"5":{"start":{"line":8,"column":4},"end":{"line":10,"column":5}},"6":{"start":{"line":9,"column":6},"end":{"line":9,"column":18}},"7":{"start":{"line":11,"column":4},"end":{"line":13,"column":5}},"8":{"start":{"line":12,"column":6},"end":{"line":12,"column":18}},"9":{"start":{"line":14,"column":4},"end":{"line":14,"column":27}},"10":{"start":{"line":17,"column":2},"end":{"line":17,"column":32}}},"fnMap":{"0":{"name":"convertToHex","decl":{"start":{"line":1,"column":9},"end":{"line":1,"column":21}},"loc":{"start":{"line":1,"column":27},"end":{"line":15,"column":3}},"line":1}},"branchMap":{"0":{"loc":{"start":{"line":5,"column":4},"end":{"line":7,"column":5}},"type":"if","locations":[{"start":{"line":5,"column":4},"end":{"line":7,"column":5}},{"start":{"line":5,"column":4},"end":{"line":7,"column":5}}],"line":5},"1":{"loc":{"start":{"line":8,"column":4},"end":{"line":10,"column":5}},"type":"if","locations":[{"start":{"line":8,"column":4},"end":{"line":10,"column":5}},{"start":{"line":8,"column":4},"end":{"line":10,"column":5}}],"line":8},"2":{"loc":{"start":{"line":11,"column":4},"end":{"line":13,"column":5}},"type":"if","locations":[{"start":{"line":11,"column":4},"end":{"line":13,"column":5}},{"start":{"line":11,"column":4},"end":{"line":13,"column":5}}],"line":11}},"s":{"0":3,"1":3,"2":3,"3":3,"4":0,"5":3,"6":1,"7":3,"8":0,"9":3,"10":1},"f":{"0":3},"b":{"0":[0,3],"1":[1,2],"2":[0,3]},"_coverageSchema":"43e27e138ebf9cfc5966b082cf9a028302ed4184","hash":"4bdfe58a0429a50eea524bf020bd8f069bdaa42f"}
}
