TN:
SF:D:\rss\alpy86-RS2019Q3\simple-piskel-clone\src\scripts\assets.js
FNF:0
FNH:0
LF:0
LH:0
BRF:0
BRH:0
end_of_record
TN:
SF:D:\rss\alpy86-RS2019Q3\simple-piskel-clone\src\scripts\fullscreen.js
FNF:0
FNH:0
LF:0
LH:0
BRF:0
BRH:0
end_of_record
TN:
SF:D:\rss\alpy86-RS2019Q3\simple-piskel-clone\src\scripts\helpers-anim.js
FN:4,step
FN:10,(anonymous_1)
FNF:2
FNH:0
FNDA:0,step
FNDA:0,(anonymous_1)
DA:1,0
DA:2,0
DA:5,0
DA:6,0
DA:7,0
DA:8,0
DA:9,0
DA:10,0
DA:11,0
DA:13,0
LF:10
LH:0
BRDA:8,0,0,0
BRDA:8,0,1,0
BRF:2
BRH:0
end_of_record
TN:
SF:D:\rss\alpy86-RS2019Q3\simple-piskel-clone\src\scripts\helpers-draw.js
FN:4,getCoordBrezenheim
FN:10,drawLine
FN:72,getTileWidth
FNF:3
FNH:0
FNDA:0,getCoordBrezenheim
FNDA:0,drawLine
FNDA:0,getTileWidth
DA:5,0
DA:6,0
DA:15,0
DA:16,0
DA:17,0
DA:18,0
DA:19,0
DA:20,0
DA:21,0
DA:22,0
DA:23,0
DA:24,0
DA:25,0
DA:27,0
DA:28,0
DA:29,0
DA:31,0
DA:32,0
DA:33,0
DA:34,0
DA:35,0
DA:37,0
DA:38,0
DA:40,0
DA:42,0
DA:44,0
DA:47,0
DA:48,0
DA:49,0
DA:50,0
DA:52,0
DA:54,0
DA:55,0
DA:56,0
DA:57,0
DA:58,0
DA:60,0
DA:61,0
DA:63,0
DA:65,0
DA:67,0
DA:73,0
LF:42
LH:0
BRDA:21,0,0,0
BRDA:21,0,1,0
BRDA:22,1,0,0
BRDA:22,1,1,0
BRDA:34,2,0,0
BRDA:34,2,1,0
BRDA:37,3,0,0
BRDA:37,3,1,0
BRDA:37,4,0,0
BRDA:37,4,1,0
BRDA:37,4,2,0
BRDA:37,4,3,0
BRDA:47,5,0,0
BRDA:47,5,1,0
BRDA:57,6,0,0
BRDA:57,6,1,0
BRDA:60,7,0,0
BRDA:60,7,1,0
BRDA:60,8,0,0
BRDA:60,8,1,0
BRDA:60,8,2,0
BRDA:60,8,3,0
BRF:22
BRH:0
end_of_record
TN:
SF:D:\rss\alpy86-RS2019Q3\simple-piskel-clone\src\scripts\helpers.js
FN:1,rgbToHex
FN:17,convertToHex
FN:33,hexToRgb
FN:45,colorsMatch
FNF:4
FNH:0
FNDA:0,rgbToHex
FNDA:0,convertToHex
FNDA:0,hexToRgb
FNDA:0,colorsMatch
DA:2,0
DA:3,0
DA:4,0
DA:5,0
DA:6,0
DA:8,0
DA:9,0
DA:11,0
DA:12,0
DA:14,0
DA:18,0
DA:19,0
DA:20,0
DA:21,0
DA:22,0
DA:24,0
DA:25,0
DA:27,0
DA:28,0
DA:30,0
DA:34,0
DA:35,0
DA:36,0
DA:37,0
DA:38,0
DA:39,0
DA:40,0
DA:42,0
DA:46,0
LF:29
LH:0
BRDA:5,0,0,0
BRDA:5,0,1,0
BRDA:8,1,0,0
BRDA:8,1,1,0
BRDA:11,2,0,0
BRDA:11,2,1,0
BRDA:21,3,0,0
BRDA:21,3,1,0
BRDA:24,4,0,0
BRDA:24,4,1,0
BRDA:27,5,0,0
BRDA:27,5,1,0
BRDA:35,6,0,0
BRDA:35,6,1,0
BRDA:46,7,0,0
BRDA:46,7,1,0
BRDA:46,7,2,0
BRDA:46,7,3,0
BRF:18
BRH:0
end_of_record
TN:
SF:D:\rss\alpy86-RS2019Q3\simple-piskel-clone\src\scripts\script.js
FN:49,(anonymous_0)
FN:57,drawImageOnCanvas
FN:78,getCanvasSize
FN:90,(anonymous_3)
FN:115,(anonymous_4)
FN:131,(anonymous_5)
FN:141,(anonymous_6)
FN:164,(anonymous_7)
FN:175,(anonymous_8)
FN:191,drawMouseMove
FN:209,getMouseX
FN:216,getMouseY
FN:225,(anonymous_12)
FN:247,(anonymous_13)
FN:262,clearCanvas
FN:270,(anonymous_15)
FN:277,changeColor
FN:284,(anonymous_17)
FN:290,(anonymous_18)
FN:296,(anonymous_19)
FN:303,floodFill
FN:324,getPixel
FN:334,setPixel
FN:343,(anonymous_23)
FN:347,(anonymous_24)
FN:351,(anonymous_25)
FN:366,drawImageOnCanvas
FN:387,(anonymous_27)
FN:419,(anonymous_28)
FN:422,(anonymous_29)
FN:432,getData
FN:453,(anonymous_31)
FN:463,(anonymous_32)
FN:474,addFrameHTML
FN:487,(anonymous_34)
FN:490,(anonymous_35)
FN:497,(anonymous_36)
FN:504,(anonymous_37)
FN:514,(anonymous_38)
FN:518,(anonymous_39)
FN:525,currentStateCanvas
FN:530,(anonymous_41)
FN:533,(anonymous_42)
FN:539,(anonymous_43)
FN:541,(anonymous_44)
FN:545,(anonymous_45)
FN:549,full_screen
FN:562,(anonymous_47)
FN:564,(anonymous_48)
FNF:49
FNH:0
FNDA:0,(anonymous_0)
FNDA:0,drawImageOnCanvas
FNDA:0,getCanvasSize
FNDA:0,(anonymous_3)
FNDA:0,(anonymous_4)
FNDA:0,(anonymous_5)
FNDA:0,(anonymous_6)
FNDA:0,(anonymous_7)
FNDA:0,(anonymous_8)
FNDA:0,drawMouseMove
FNDA:0,getMouseX
FNDA:0,getMouseY
FNDA:0,(anonymous_12)
FNDA:0,(anonymous_13)
FNDA:0,clearCanvas
FNDA:0,(anonymous_15)
FNDA:0,changeColor
FNDA:0,(anonymous_17)
FNDA:0,(anonymous_18)
FNDA:0,(anonymous_19)
FNDA:0,floodFill
FNDA:0,getPixel
FNDA:0,setPixel
FNDA:0,(anonymous_23)
FNDA:0,(anonymous_24)
FNDA:0,(anonymous_25)
FNDA:0,drawImageOnCanvas
FNDA:0,(anonymous_27)
FNDA:0,(anonymous_28)
FNDA:0,(anonymous_29)
FNDA:0,getData
FNDA:0,(anonymous_31)
FNDA:0,(anonymous_32)
FNDA:0,addFrameHTML
FNDA:0,(anonymous_34)
FNDA:0,(anonymous_35)
FNDA:0,(anonymous_36)
FNDA:0,(anonymous_37)
FNDA:0,(anonymous_38)
FNDA:0,(anonymous_39)
FNDA:0,currentStateCanvas
FNDA:0,(anonymous_41)
FNDA:0,(anonymous_42)
FNDA:0,(anonymous_43)
FNDA:0,(anonymous_44)
FNDA:0,(anonymous_45)
FNDA:0,full_screen
FNDA:0,(anonymous_47)
FNDA:0,(anonymous_48)
DA:8,0
DA:9,0
DA:10,0
DA:11,0
DA:12,0
DA:13,0
DA:14,0
DA:15,0
DA:16,0
DA:17,0
DA:18,0
DA:19,0
DA:21,0
DA:23,0
DA:27,0
DA:28,0
DA:33,0
DA:34,0
DA:35,0
DA:37,0
DA:38,0
DA:41,0
DA:42,0
DA:43,0
DA:46,0
DA:47,0
DA:49,0
DA:50,0
DA:51,0
DA:52,0
DA:53,0
DA:54,0
DA:55,0
DA:56,0
DA:57,0
DA:58,0
DA:59,0
DA:60,0
DA:61,0
DA:62,0
DA:63,0
DA:64,0
DA:65,0
DA:67,0
DA:68,0
DA:69,0
DA:70,0
DA:72,0
DA:73,0
DA:74,0
DA:79,0
DA:80,0
DA:83,0
DA:84,0
DA:87,0
DA:88,0
DA:90,0
DA:91,0
DA:95,0
DA:96,0
DA:97,0
DA:98,0
DA:99,0
DA:100,0
DA:102,0
DA:103,0
DA:104,0
DA:107,0
DA:108,0
DA:109,0
DA:110,0
DA:111,0
DA:112,0
DA:113,0
DA:114,0
DA:115,0
DA:118,0
DA:119,0
DA:121,0
DA:123,0
DA:124,0
DA:125,0
DA:126,0
DA:128,0
DA:129,0
DA:130,0
DA:131,0
DA:133,0
DA:134,0
DA:135,0
DA:136,0
DA:137,0
DA:141,0
DA:142,0
DA:143,0
DA:144,0
DA:145,0
DA:147,0
DA:148,0
DA:150,0
DA:151,0
DA:152,0
DA:153,0
DA:155,0
DA:156,0
DA:157,0
DA:158,0
DA:159,0
DA:160,0
DA:164,0
DA:165,0
DA:166,0
DA:167,0
DA:168,0
DA:175,0
DA:176,0
DA:177,0
DA:178,0
DA:179,0
DA:180,0
DA:182,0
DA:183,0
DA:184,0
DA:185,0
DA:186,0
DA:188,0
DA:192,0
DA:196,0
DA:197,0
DA:198,0
DA:199,0
DA:200,0
DA:201,0
DA:202,0
DA:203,0
DA:204,0
DA:205,0
DA:210,0
DA:211,0
DA:212,0
DA:213,0
DA:217,0
DA:218,0
DA:219,0
DA:220,0
DA:225,0
DA:226,0
DA:227,0
DA:228,0
DA:229,0
DA:230,0
DA:231,0
DA:232,0
DA:233,0
DA:234,0
DA:235,0
DA:236,0
DA:237,0
DA:238,0
DA:242,0
DA:244,0
DA:247,0
DA:248,0
DA:249,0
DA:250,0
DA:251,0
DA:252,0
DA:253,0
DA:254,0
DA:255,0
DA:257,0
DA:260,0
DA:263,0
DA:264,0
DA:265,0
DA:266,0
DA:267,0
DA:270,0
DA:271,0
DA:272,0
DA:273,0
DA:274,0
DA:278,0
DA:279,0
DA:284,0
DA:285,0
DA:286,0
DA:289,0
DA:290,0
DA:291,0
DA:292,0
DA:295,0
DA:296,0
DA:297,0
DA:298,0
DA:304,0
DA:305,0
DA:306,0
DA:307,0
DA:308,0
DA:309,0
DA:310,0
DA:311,0
DA:312,0
DA:313,0
DA:314,0
DA:315,0
DA:316,0
DA:317,0
DA:320,0
DA:325,0
DA:326,0
DA:328,0
DA:329,0
DA:335,0
DA:336,0
DA:337,0
DA:338,0
DA:339,0
DA:340,0
DA:343,0
DA:344,0
DA:347,0
DA:348,0
DA:351,0
DA:352,0
DA:353,0
DA:354,0
DA:356,0
DA:357,0
DA:358,0
DA:360,0
DA:362,0
DA:363,0
DA:364,0
DA:365,0
DA:366,0
DA:367,0
DA:368,0
DA:369,0
DA:370,0
DA:371,0
DA:372,0
DA:373,0
DA:374,0
DA:376,0
DA:377,0
DA:378,0
DA:379,0
DA:381,0
DA:382,0
DA:383,0
DA:387,0
DA:388,0
DA:389,0
DA:390,0
DA:391,0
DA:392,0
DA:393,0
DA:395,0
DA:396,0
DA:397,0
DA:399,0
DA:400,0
DA:401,0
DA:402,0
DA:403,0
DA:404,0
DA:407,0
DA:408,0
DA:409,0
DA:410,0
DA:413,0
DA:414,0
DA:415,0
DA:416,0
DA:417,0
DA:419,0
DA:420,0
DA:421,0
DA:422,0
DA:423,0
DA:424,0
DA:426,0
DA:427,0
DA:433,0
DA:434,0
DA:439,0
DA:440,0
DA:441,0
DA:442,0
DA:443,0
DA:444,0
DA:445,0
DA:446,0
DA:449,0
DA:453,0
DA:454,0
DA:455,0
DA:456,0
DA:457,0
DA:458,0
DA:463,0
DA:464,0
DA:465,0
DA:466,0
DA:467,0
DA:468,0
DA:469,0
DA:470,0
DA:471,0
DA:475,0
DA:487,0
DA:488,0
DA:489,0
DA:490,0
DA:491,0
DA:492,0
DA:493,0
DA:494,0
DA:495,0
DA:496,0
DA:497,0
DA:498,0
DA:499,0
DA:500,0
DA:501,0
DA:502,0
DA:503,0
DA:504,0
DA:505,0
DA:506,0
DA:507,0
DA:509,0
DA:511,0
DA:512,0
DA:513,0
DA:514,0
DA:515,0
DA:516,0
DA:517,0
DA:518,0
DA:519,0
DA:526,0
DA:527,0
DA:528,0
DA:529,0
DA:530,0
DA:531,0
DA:533,0
DA:534,0
DA:538,0
DA:539,0
DA:541,0
DA:542,0
DA:543,0
DA:544,0
DA:545,0
DA:550,0
DA:551,0
DA:552,0
DA:553,0
DA:554,0
DA:555,0
DA:556,0
DA:562,0
DA:563,0
DA:564,0
DA:565,0
DA:566,0
DA:567,0
LF:371
LH:0
BRDA:41,0,0,0
BRDA:41,0,1,0
BRDA:62,1,0,0
BRDA:62,1,1,0
BRDA:67,2,0,0
BRDA:67,2,1,0
BRDA:83,3,0,0
BRDA:83,3,1,0
BRDA:102,4,0,0
BRDA:102,4,1,0
BRDA:107,5,0,0
BRDA:107,5,1,0
BRDA:111,6,0,0
BRDA:111,6,1,0
BRDA:118,7,0,0
BRDA:118,7,1,0
BRDA:125,8,0,0
BRDA:125,8,1,0
BRDA:143,9,0,0
BRDA:143,9,1,0
BRDA:143,10,0,0
BRDA:143,10,1,0
BRDA:144,11,0,0
BRDA:144,11,1,0
BRDA:147,12,0,0
BRDA:147,12,1,0
BRDA:155,13,0,0
BRDA:155,13,1,0
BRDA:166,14,0,0
BRDA:166,14,1,0
BRDA:166,15,0,0
BRDA:166,15,1,0
BRDA:166,15,2,0
BRDA:177,16,0,0
BRDA:177,16,1,0
BRDA:177,17,0,0
BRDA:177,17,1,0
BRDA:182,18,0,0
BRDA:182,18,1,0
BRDA:227,19,0,0
BRDA:227,19,1,0
BRDA:235,20,0,0
BRDA:235,20,1,0
BRDA:237,21,0,0
BRDA:237,21,1,0
BRDA:249,22,0,0
BRDA:249,22,1,0
BRDA:306,23,0,0
BRDA:306,23,1,0
BRDA:312,24,0,0
BRDA:312,24,1,0
BRDA:325,25,0,0
BRDA:325,25,1,0
BRDA:325,26,0,0
BRDA:325,26,1,0
BRDA:325,26,2,0
BRDA:325,26,3,0
BRDA:371,27,0,0
BRDA:371,27,1,0
BRDA:376,28,0,0
BRDA:376,28,1,0
BRDA:423,29,0,0
BRDA:423,29,1,0
BRDA:439,30,0,0
BRDA:439,30,1,0
BRDA:489,31,0,0
BRDA:489,31,1,0
BRDA:493,32,0,0
BRDA:493,32,1,0
BRDA:515,33,0,0
BRDA:515,33,1,0
BRDA:550,34,0,0
BRDA:550,34,1,0
BRDA:550,35,0,0
BRDA:550,35,1,0
BRDA:551,36,0,0
BRDA:551,36,1,0
BRDA:551,37,0,0
BRDA:551,37,1,0
BRDA:553,38,0,0
BRDA:553,38,1,0
BRDA:555,39,0,0
BRDA:555,39,1,0
BRF:83
BRH:0
end_of_record
TN:
SF:D:\rss\alpy86-RS2019Q3\simple-piskel-clone\src\scripts\tools.js
FN:2,(anonymous_0)
FN:3,changeTool
FN:11,getCurrentTool
FN:16,(anonymous_3)
FN:18,addHotKeys
FN:28,(anonymous_5)
FNF:6
FNH:0
FNDA:0,(anonymous_0)
FNDA:0,changeTool
FNDA:0,getCurrentTool
FNDA:0,(anonymous_3)
FNDA:0,addHotKeys
FNDA:0,(anonymous_5)
DA:1,0
DA:2,0
DA:4,0
DA:5,0
DA:6,0
DA:7,0
DA:8,0
DA:12,0
DA:13,0
DA:16,0
DA:19,0
DA:26,0
DA:27,0
DA:28,0
DA:29,0
LF:15
LH:0
BRF:0
BRH:0
end_of_record
TN:
SF:D:\rss\alpy86-RS2019Q3\simple-piskel-clone\src\tests\hexToRgb.js
FN:1,hexToRgb
FNF:1
FNH:1
FNDA:3,hexToRgb
DA:2,3
DA:3,3
DA:4,3
DA:5,3
DA:6,3
DA:7,3
DA:8,3
DA:10,3
DA:13,1
LF:9
LH:9
BRDA:3,0,0,3
BRDA:3,0,1,0
BRF:2
BRH:1
end_of_record
TN:
SF:D:\rss\alpy86-RS2019Q3\simple-piskel-clone\src\tests\rgbToHex.js
FN:1,convertToHex
FNF:1
FNH:1
FNDA:3,convertToHex
DA:2,3
DA:3,3
DA:4,3
DA:5,3
DA:6,0
DA:8,3
DA:9,1
DA:11,3
DA:12,0
DA:14,3
DA:17,1
LF:11
LH:9
BRDA:5,0,0,0
BRDA:5,0,1,3
BRDA:8,1,0,1
BRDA:8,1,1,2
BRDA:11,2,0,0
BRDA:11,2,1,3
BRF:6
BRH:4
end_of_record
